\BOOKMARK [0][-]{chapter.1}{\376\377\0001\000\040\000I\000n\000d\000i\000c\000e\000\040\000d\000e\000i\000\040\000t\000i\000p\000i\000\040\000c\000o\000m\000p\000o\000s\000t\000i}{}% 1
\BOOKMARK [1][-]{section.1.1}{\376\377\0001\000.\0001\000\040\000E\000l\000e\000n\000c\000o\000\040\000d\000e\000i\000\040\000t\000i\000p\000i\000\040\000c\000o\000m\000p\000o\000s\000t\000i}{chapter.1}% 2
\BOOKMARK [0][-]{chapter.2}{\376\377\0002\000\040\000I\000n\000d\000i\000c\000e\000\040\000d\000e\000i\000\040\000f\000i\000l\000e}{}% 3
\BOOKMARK [1][-]{section.2.1}{\376\377\0002\000.\0001\000\040\000E\000l\000e\000n\000c\000o\000\040\000d\000e\000i\000\040\000f\000i\000l\000e}{chapter.2}% 4
\BOOKMARK [0][-]{chapter.3}{\376\377\0003\000\040\000D\000o\000c\000u\000m\000e\000n\000t\000a\000z\000i\000o\000n\000e\000\040\000d\000e\000l\000l\000e\000\040\000c\000l\000a\000s\000s\000i}{}% 5
\BOOKMARK [1][-]{section.3.1}{\376\377\0003\000.\0001\000\040\000R\000i\000f\000e\000r\000i\000m\000e\000n\000t\000i\000\040\000p\000e\000r\000\040\000l\000a\000\040\000s\000t\000r\000u\000c\000t\000\040\000a\000s\000t\000e\000r\000o\000i\000d\000\137\000t}{chapter.3}% 6
\BOOKMARK [2][-]{subsection.3.1.1}{\376\377\0003\000.\0001\000.\0001\000\040\000D\000e\000s\000c\000r\000i\000z\000i\000o\000n\000e\000\040\000d\000e\000t\000t\000a\000g\000l\000i\000a\000t\000a}{section.3.1}% 7
\BOOKMARK [2][-]{subsection.3.1.2}{\376\377\0003\000.\0001\000.\0002\000\040\000D\000o\000c\000u\000m\000e\000n\000t\000a\000z\000i\000o\000n\000e\000\040\000d\000e\000i\000\040\000m\000e\000m\000b\000r\000i\000\040\000d\000a\000t\000o}{section.3.1}% 8
\BOOKMARK [3][-]{subsubsection.3.1.2.1}{\376\377\0003\000.\0001\000.\0002\000.\0001\000\040\000b\000m\000p}{subsection.3.1.2}% 9
\BOOKMARK [3][-]{subsubsection.3.1.2.2}{\376\377\0003\000.\0001\000.\0002\000.\0002\000\040\000r\000a\000d\000i\000u\000s}{subsection.3.1.2}% 10
\BOOKMARK [3][-]{subsubsection.3.1.2.3}{\376\377\0003\000.\0001\000.\0002\000.\0003\000\040\000s\000l\000o\000p\000e}{subsection.3.1.2}% 11
\BOOKMARK [3][-]{subsubsection.3.1.2.4}{\376\377\0003\000.\0001\000.\0002\000.\0004\000\040\000s\000p\000e\000c\000i\000a\000l}{subsection.3.1.2}% 12
\BOOKMARK [3][-]{subsubsection.3.1.2.5}{\376\377\0003\000.\0001\000.\0002\000.\0005\000\040\000w\000o\000r\000d}{subsection.3.1.2}% 13
\BOOKMARK [3][-]{subsubsection.3.1.2.6}{\376\377\0003\000.\0001\000.\0002\000.\0006\000\040\000x}{subsection.3.1.2}% 14
\BOOKMARK [3][-]{subsubsection.3.1.2.7}{\376\377\0003\000.\0001\000.\0002\000.\0007\000\040\000y}{subsection.3.1.2}% 15
\BOOKMARK [1][-]{section.3.2}{\376\377\0003\000.\0002\000\040\000R\000i\000f\000e\000r\000i\000m\000e\000n\000t\000i\000\040\000p\000e\000r\000\040\000l\000a\000\040\000s\000t\000r\000u\000c\000t\000\040\000b\000u\000l\000l\000e\000t\000\137\000t}{chapter.3}% 16
\BOOKMARK [2][-]{subsection.3.2.1}{\376\377\0003\000.\0002\000.\0001\000\040\000D\000e\000s\000c\000r\000i\000z\000i\000o\000n\000e\000\040\000d\000e\000t\000t\000a\000g\000l\000i\000a\000t\000a}{section.3.2}% 17
\BOOKMARK [2][-]{subsection.3.2.2}{\376\377\0003\000.\0002\000.\0002\000\040\000D\000o\000c\000u\000m\000e\000n\000t\000a\000z\000i\000o\000n\000e\000\040\000d\000e\000i\000\040\000m\000e\000m\000b\000r\000i\000\040\000d\000a\000t\000o}{section.3.2}% 18
\BOOKMARK [3][-]{subsubsection.3.2.2.1}{\376\377\0003\000.\0002\000.\0002\000.\0001\000\040\000r\000a\000d\000i\000u\000s}{subsection.3.2.2}% 19
\BOOKMARK [3][-]{subsubsection.3.2.2.2}{\376\377\0003\000.\0002\000.\0002\000.\0002\000\040\000s\000l\000o\000p\000e}{subsection.3.2.2}% 20
\BOOKMARK [3][-]{subsubsection.3.2.2.3}{\376\377\0003\000.\0002\000.\0002\000.\0003\000\040\000x}{subsection.3.2.2}% 21
\BOOKMARK [3][-]{subsubsection.3.2.2.4}{\376\377\0003\000.\0002\000.\0002\000.\0004\000\040\000y}{subsection.3.2.2}% 22
\BOOKMARK [1][-]{section.3.3}{\376\377\0003\000.\0003\000\040\000R\000i\000f\000e\000r\000i\000m\000e\000n\000t\000i\000\040\000p\000e\000r\000\040\000l\000a\000\040\000s\000t\000r\000u\000c\000t\000\040\000d\000i\000s\000p\000l\000a\000y\000\137\000i\000n\000f\000o\000\137\000t}{chapter.3}% 23
\BOOKMARK [2][-]{subsection.3.3.1}{\376\377\0003\000.\0003\000.\0001\000\040\000D\000e\000s\000c\000r\000i\000z\000i\000o\000n\000e\000\040\000d\000e\000t\000t\000a\000g\000l\000i\000a\000t\000a}{section.3.3}% 24
\BOOKMARK [2][-]{subsection.3.3.2}{\376\377\0003\000.\0003\000.\0002\000\040\000D\000o\000c\000u\000m\000e\000n\000t\000a\000z\000i\000o\000n\000e\000\040\000d\000e\000i\000\040\000m\000e\000m\000b\000r\000i\000\040\000d\000a\000t\000o}{section.3.3}% 25
\BOOKMARK [3][-]{subsubsection.3.3.2.1}{\376\377\0003\000.\0003\000.\0002\000.\0001\000\040\000h\000e\000i\000g\000h\000t}{subsection.3.3.2}% 26
\BOOKMARK [3][-]{subsubsection.3.3.2.2}{\376\377\0003\000.\0003\000.\0002\000.\0002\000\040\000w\000i\000d\000t\000h}{subsection.3.3.2}% 27
\BOOKMARK [1][-]{section.3.4}{\376\377\0003\000.\0004\000\040\000R\000i\000f\000e\000r\000i\000m\000e\000n\000t\000i\000\040\000p\000e\000r\000\040\000l\000a\000\040\000s\000t\000r\000u\000c\000t\000\040\000e\000l\000e\000m\000\137\000a\000s\000t\000e\000r\000o\000i\000d\000\137\000t}{chapter.3}% 28
\BOOKMARK [2][-]{subsection.3.4.1}{\376\377\0003\000.\0004\000.\0001\000\040\000D\000e\000s\000c\000r\000i\000z\000i\000o\000n\000e\000\040\000d\000e\000t\000t\000a\000g\000l\000i\000a\000t\000a}{section.3.4}% 29
\BOOKMARK [2][-]{subsection.3.4.2}{\376\377\0003\000.\0004\000.\0002\000\040\000D\000o\000c\000u\000m\000e\000n\000t\000a\000z\000i\000o\000n\000e\000\040\000d\000e\000i\000\040\000m\000e\000m\000b\000r\000i\000\040\000d\000a\000t\000o}{section.3.4}% 30
\BOOKMARK [3][-]{subsubsection.3.4.2.1}{\376\377\0003\000.\0004\000.\0002\000.\0001\000\040\000a\000s\000t\000e\000r\000o\000i\000d}{subsection.3.4.2}% 31
\BOOKMARK [3][-]{subsubsection.3.4.2.2}{\376\377\0003\000.\0004\000.\0002\000.\0002\000\040\000n\000e\000x\000t}{subsection.3.4.2}% 32
\BOOKMARK [1][-]{section.3.5}{\376\377\0003\000.\0005\000\040\000R\000i\000f\000e\000r\000i\000m\000e\000n\000t\000i\000\040\000p\000e\000r\000\040\000l\000a\000\040\000s\000t\000r\000u\000c\000t\000\040\000f\000i\000l\000e\000\137\000t}{chapter.3}% 33
\BOOKMARK [2][-]{subsection.3.5.1}{\376\377\0003\000.\0005\000.\0001\000\040\000D\000e\000s\000c\000r\000i\000z\000i\000o\000n\000e\000\040\000d\000e\000t\000t\000a\000g\000l\000i\000a\000t\000a}{section.3.5}% 34
\BOOKMARK [2][-]{subsection.3.5.2}{\376\377\0003\000.\0005\000.\0002\000\040\000D\000o\000c\000u\000m\000e\000n\000t\000a\000z\000i\000o\000n\000e\000\040\000d\000e\000i\000\040\000m\000e\000m\000b\000r\000i\000\040\000d\000a\000t\000o}{section.3.5}% 35
\BOOKMARK [3][-]{subsubsection.3.5.2.1}{\376\377\0003\000.\0005\000.\0002\000.\0001\000\040\000f\000i\000l\000e\000n\000a\000m\000e}{subsection.3.5.2}% 36
\BOOKMARK [3][-]{subsubsection.3.5.2.2}{\376\377\0003\000.\0005\000.\0002\000.\0002\000\040\000s\000i\000z\000e}{subsection.3.5.2}% 37
\BOOKMARK [1][-]{section.3.6}{\376\377\0003\000.\0006\000\040\000R\000i\000f\000e\000r\000i\000m\000e\000n\000t\000i\000\040\000p\000e\000r\000\040\000l\000a\000\040\000s\000t\000r\000u\000c\000t\000\040\000g\000e\000n\000e\000r\000a\000l\000\137\000g\000v\000\137\000t}{chapter.3}% 38
\BOOKMARK [2][-]{subsection.3.6.1}{\376\377\0003\000.\0006\000.\0001\000\040\000D\000e\000s\000c\000r\000i\000z\000i\000o\000n\000e\000\040\000d\000e\000t\000t\000a\000g\000l\000i\000a\000t\000a}{section.3.6}% 39
\BOOKMARK [2][-]{subsection.3.6.2}{\376\377\0003\000.\0006\000.\0002\000\040\000D\000o\000c\000u\000m\000e\000n\000t\000a\000z\000i\000o\000n\000e\000\040\000d\000e\000i\000\040\000m\000e\000m\000b\000r\000i\000\040\000d\000a\000t\000o}{section.3.6}% 40
\BOOKMARK [3][-]{subsubsection.3.6.2.1}{\376\377\0003\000.\0006\000.\0002\000.\0001\000\040\000B\000A\000C\000K\000\137\000F\000O\000N\000T\000S\000I\000Z\000E}{subsection.3.6.2}% 41
\BOOKMARK [3][-]{subsubsection.3.6.2.2}{\376\377\0003\000.\0006\000.\0002\000.\0002\000\040\000B\000A\000C\000K\000\137\000L\000E\000F\000T\000\137\000O\000F\000F\000S\000E\000T}{subsection.3.6.2}% 42
\BOOKMARK [3][-]{subsubsection.3.6.2.3}{\376\377\0003\000.\0006\000.\0002\000.\0003\000\040\000B\000A\000C\000K\000\137\000T\000E\000X\000T\000\137\000S\000H\000A\000D\000O\000W\000\137\000G\000A\000P}{subsection.3.6.2}% 43
\BOOKMARK [3][-]{subsubsection.3.6.2.4}{\376\377\0003\000.\0006\000.\0002\000.\0004\000\040\000B\000A\000C\000K\000\137\000T\000O\000P\000\137\000O\000F\000F\000S\000E\000T}{subsection.3.6.2}% 44
\BOOKMARK [3][-]{subsubsection.3.6.2.5}{\376\377\0003\000.\0006\000.\0002\000.\0005\000\040\000H\000E\000A\000D\000\137\000F\000O\000N\000T\000S\000I\000Z\000E}{subsection.3.6.2}% 45
\BOOKMARK [3][-]{subsubsection.3.6.2.6}{\376\377\0003\000.\0006\000.\0002\000.\0006\000\040\000H\000E\000A\000D\000\137\000T\000E\000X\000T\000\137\000S\000H\000A\000D\000O\000W\000\137\000G\000A\000P}{subsection.3.6.2}% 46
\BOOKMARK [3][-]{subsubsection.3.6.2.7}{\376\377\0003\000.\0006\000.\0002\000.\0007\000\040\000H\000E\000A\000D\000\137\000T\000O\000P\000\137\000O\000F\000F\000S\000E\000T}{subsection.3.6.2}% 47
\BOOKMARK [3][-]{subsubsection.3.6.2.8}{\376\377\0003\000.\0006\000.\0002\000.\0008\000\040\000R\000E\000S\000U\000L\000T\000\137\000T\000O\000P\000\137\000O\000F\000F\000S\000E\000T}{subsection.3.6.2}% 48
\BOOKMARK [1][-]{section.3.7}{\376\377\0003\000.\0007\000\040\000R\000i\000f\000e\000r\000i\000m\000e\000n\000t\000i\000\040\000p\000e\000r\000\040\000l\000a\000\040\000s\000t\000r\000u\000c\000t\000\040\000i\000n\000s\000t\000r\000\137\000g\000v\000\137\000t}{chapter.3}% 49
\BOOKMARK [2][-]{subsection.3.7.1}{\376\377\0003\000.\0007\000.\0001\000\040\000D\000e\000s\000c\000r\000i\000z\000i\000o\000n\000e\000\040\000d\000e\000t\000t\000a\000g\000l\000i\000a\000t\000a}{section.3.7}% 50
\BOOKMARK [2][-]{subsection.3.7.2}{\376\377\0003\000.\0007\000.\0002\000\040\000D\000o\000c\000u\000m\000e\000n\000t\000a\000z\000i\000o\000n\000e\000\040\000d\000e\000i\000\040\000m\000e\000m\000b\000r\000i\000\040\000d\000a\000t\000o}{section.3.7}% 51
\BOOKMARK [3][-]{subsubsection.3.7.2.1}{\376\377\0003\000.\0007\000.\0002\000.\0001\000\040\000B\000O\000N\000U\000S\000\137\000C\000A\000S\000E\000\137\000W\000I\000D\000T\000H}{subsection.3.7.2}% 52
\BOOKMARK [3][-]{subsubsection.3.7.2.2}{\376\377\0003\000.\0007\000.\0002\000.\0002\000\040\000B\000O\000N\000U\000S\000\137\000R\000A\000D\000I\000U\000S}{subsection.3.7.2}% 53
\BOOKMARK [3][-]{subsubsection.3.7.2.3}{\376\377\0003\000.\0007\000.\0002\000.\0003\000\040\000S\000U\000B\000T\000I\000T\000L\000E\000\137\000F\000O\000N\000T\000S\000I\000Z\000E}{subsection.3.7.2}% 54
\BOOKMARK [3][-]{subsubsection.3.7.2.4}{\376\377\0003\000.\0007\000.\0002\000.\0004\000\040\000T\000E\000X\000T\000\137\000F\000O\000N\000T\000S\000I\000Z\000E}{subsection.3.7.2}% 55
\BOOKMARK [1][-]{section.3.8}{\376\377\0003\000.\0008\000\040\000R\000i\000f\000e\000r\000i\000m\000e\000n\000t\000i\000\040\000p\000e\000r\000\040\000l\000a\000\040\000s\000t\000r\000u\000c\000t\000\040\000l\000o\000o\000k\000\137\000i\000n\000t\000o\000\137\000t}{chapter.3}% 56
\BOOKMARK [2][-]{subsection.3.8.1}{\376\377\0003\000.\0008\000.\0001\000\040\000D\000e\000s\000c\000r\000i\000z\000i\000o\000n\000e\000\040\000d\000e\000t\000t\000a\000g\000l\000i\000a\000t\000a}{section.3.8}% 57
\BOOKMARK [2][-]{subsection.3.8.2}{\376\377\0003\000.\0008\000.\0002\000\040\000D\000o\000c\000u\000m\000e\000n\000t\000a\000z\000i\000o\000n\000e\000\040\000d\000e\000i\000\040\000m\000e\000m\000b\000r\000i\000\040\000d\000a\000t\000o}{section.3.8}% 58
\BOOKMARK [3][-]{subsubsection.3.8.2.1}{\376\377\0003\000.\0008\000.\0002\000.\0001\000\040\000e\000m\000a\000i\000l}{subsection.3.8.2}% 59
\BOOKMARK [3][-]{subsubsection.3.8.2.2}{\376\377\0003\000.\0008\000.\0002\000.\0002\000\040\000f\000i\000l\000e\000n\000a\000m\000e}{subsection.3.8.2}% 60
\BOOKMARK [3][-]{subsubsection.3.8.2.3}{\376\377\0003\000.\0008\000.\0002\000.\0003\000\040\000i\000s\000\137\000s\000e\000a\000r\000c\000h\000e\000r}{subsection.3.8.2}% 61
\BOOKMARK [1][-]{section.3.9}{\376\377\0003\000.\0009\000\040\000R\000i\000f\000e\000r\000i\000m\000e\000n\000t\000i\000\040\000p\000e\000r\000\040\000l\000a\000\040\000s\000t\000r\000u\000c\000t\000\040\000l\000s\000\137\000t}{chapter.3}% 62
\BOOKMARK [2][-]{subsection.3.9.1}{\376\377\0003\000.\0009\000.\0001\000\040\000D\000e\000s\000c\000r\000i\000z\000i\000o\000n\000e\000\040\000d\000e\000t\000t\000a\000g\000l\000i\000a\000t\000a}{section.3.9}% 63
\BOOKMARK [2][-]{subsection.3.9.2}{\376\377\0003\000.\0009\000.\0002\000\040\000D\000o\000c\000u\000m\000e\000n\000t\000a\000z\000i\000o\000n\000e\000\040\000d\000e\000i\000\040\000m\000e\000m\000b\000r\000i\000\040\000d\000a\000t\000o}{section.3.9}% 64
\BOOKMARK [3][-]{subsubsection.3.9.2.1}{\376\377\0003\000.\0009\000.\0002\000.\0001\000\040\000f\000i\000l\000e\000s}{subsection.3.9.2}% 65
\BOOKMARK [3][-]{subsubsection.3.9.2.2}{\376\377\0003\000.\0009\000.\0002\000.\0002\000\040\000n\000f\000i\000l\000e}{subsection.3.9.2}% 66
\BOOKMARK [1][-]{section.3.10}{\376\377\0003\000.\0001\0000\000\040\000R\000i\000f\000e\000r\000i\000m\000e\000n\000t\000i\000\040\000p\000e\000r\000\040\000l\000a\000\040\000s\000t\000r\000u\000c\000t\000\040\000m\000a\000t\000c\000h\000\137\000v\000a\000r\000s\000\137\000t}{chapter.3}% 67
\BOOKMARK [2][-]{subsection.3.10.1}{\376\377\0003\000.\0001\0000\000.\0001\000\040\000D\000e\000s\000c\000r\000i\000z\000i\000o\000n\000e\000\040\000d\000e\000t\000t\000a\000g\000l\000i\000a\000t\000a}{section.3.10}% 68
\BOOKMARK [2][-]{subsection.3.10.2}{\376\377\0003\000.\0001\0000\000.\0002\000\040\000D\000o\000c\000u\000m\000e\000n\000t\000a\000z\000i\000o\000n\000e\000\040\000d\000e\000i\000\040\000m\000e\000m\000b\000r\000i\000\040\000d\000a\000t\000o}{section.3.10}% 69
\BOOKMARK [3][-]{subsubsection.3.10.2.1}{\376\377\0003\000.\0001\0000\000.\0002\000.\0001\000\040\000a\000s\000t\000\137\000q\000u\000e\000u\000e\000s}{subsection.3.10.2}% 70
\BOOKMARK [3][-]{subsubsection.3.10.2.2}{\376\377\0003\000.\0001\0000\000.\0002\000.\0002\000\040\000a\000s\000t\000e\000r\000o\000i\000d\000\137\000h\000e\000a\000d}{subsection.3.10.2}% 71
\BOOKMARK [3][-]{subsubsection.3.10.2.3}{\376\377\0003\000.\0001\0000\000.\0002\000.\0003\000\040\000a\000s\000t\000e\000r\000o\000i\000d\000\137\000t\000o\000\137\000b\000o\000n\000u\000s}{subsection.3.10.2}% 72
\BOOKMARK [3][-]{subsubsection.3.10.2.4}{\376\377\0003\000.\0001\0000\000.\0002\000.\0004\000\040\000a\000s\000t\000e\000r\000o\000i\000d\000\137\000t\000o\000\137\000g\000e\000n\000e\000r\000a\000t\000e}{subsection.3.10.2}% 73
\BOOKMARK [3][-]{subsubsection.3.10.2.5}{\376\377\0003\000.\0001\0000\000.\0002\000.\0005\000\040\000a\000s\000t\000e\000r\000o\000i\000d\000s\000\137\000d\000e\000s\000t\000r\000o\000y\000e\000d}{subsection.3.10.2}% 74
\BOOKMARK [3][-]{subsubsection.3.10.2.6}{\376\377\0003\000.\0001\0000\000.\0002\000.\0006\000\040\000c\000u\000r\000r\000e\000n\000t\000\137\000a\000s\000t\000e\000r\000o\000i\000d}{subsection.3.10.2}% 75
\BOOKMARK [3][-]{subsubsection.3.10.2.7}{\376\377\0003\000.\0001\0000\000.\0002\000.\0007\000\040\000f\000p\000s}{subsection.3.10.2}% 76
\BOOKMARK [3][-]{subsubsection.3.10.2.8}{\376\377\0003\000.\0001\0000\000.\0002\000.\0008\000\040\000g\000a\000m\000e\000o\000v\000e\000r}{subsection.3.10.2}% 77
\BOOKMARK [3][-]{subsubsection.3.10.2.9}{\376\377\0003\000.\0001\0000\000.\0002\000.\0009\000\040\000i\000n\000s\000e\000r\000t\000\137\000a\000s\000t\000e\000r\000o\000i\000d\000\137\000i\000n\000d\000e\000x}{subsection.3.10.2}% 78
\BOOKMARK [3][-]{subsubsection.3.10.2.10}{\376\377\0003\000.\0001\0000\000.\0002\000.\0001\0000\000\040\000i\000n\000s\000t\000a\000n\000t\000\137\000a\000s\000t\000\137\000d\000e\000s\000t}{subsection.3.10.2}% 79
\BOOKMARK [3][-]{subsubsection.3.10.2.11}{\376\377\0003\000.\0001\0000\000.\0002\000.\0001\0001\000\040\000i\000t\000e\000m\000s}{subsection.3.10.2}% 80
\BOOKMARK [3][-]{subsubsection.3.10.2.12}{\376\377\0003\000.\0001\0000\000.\0002\000.\0001\0002\000\040\000k\000e\000y\000\137\000e\000r\000r\000o\000r}{subsection.3.10.2}% 81
\BOOKMARK [3][-]{subsubsection.3.10.2.13}{\376\377\0003\000.\0001\0000\000.\0002\000.\0001\0003\000\040\000m\000u\000s\000i\000c\000\137\000p\000l\000a\000y\000w\000a}{subsection.3.10.2}% 82
\BOOKMARK [3][-]{subsubsection.3.10.2.14}{\376\377\0003\000.\0001\0000\000.\0002\000.\0001\0004\000\040\000p\000l\000a\000y\000i\000n\000g}{subsection.3.10.2}% 83
\BOOKMARK [3][-]{subsubsection.3.10.2.15}{\376\377\0003\000.\0001\0000\000.\0002\000.\0001\0005\000\040\000s\000c\000o\000r\000e}{subsection.3.10.2}% 84
\BOOKMARK [3][-]{subsubsection.3.10.2.16}{\376\377\0003\000.\0001\0000\000.\0002\000.\0001\0006\000\040\000s\000o\000u\000n\000d\000\137\000e\000r\000r\000o\000r}{subsection.3.10.2}% 85
\BOOKMARK [3][-]{subsubsection.3.10.2.17}{\376\377\0003\000.\0001\0000\000.\0002\000.\0001\0007\000\040\000s\000o\000u\000n\000d\000\137\000e\000x\000p}{subsection.3.10.2}% 86
\BOOKMARK [3][-]{subsubsection.3.10.2.18}{\376\377\0003\000.\0001\0000\000.\0002\000.\0001\0008\000\040\000s\000o\000u\000n\000d\000\137\000f\000i\000r\000e}{subsection.3.10.2}% 87
\BOOKMARK [3][-]{subsubsection.3.10.2.19}{\376\377\0003\000.\0001\0000\000.\0002\000.\0001\0009\000\040\000s\000o\000u\000n\000d\000\137\000g\000a\000m\000e\000o\000v\000e\000r}{subsection.3.10.2}% 88
\BOOKMARK [3][-]{subsubsection.3.10.2.20}{\376\377\0003\000.\0001\0000\000.\0002\000.\0002\0000\000\040\000s\000p\000a\000w\000n\000\137\000i\000n\000t\000e\000r\000v\000a\000l}{subsection.3.10.2}% 89
\BOOKMARK [3][-]{subsubsection.3.10.2.21}{\376\377\0003\000.\0001\0000\000.\0002\000.\0002\0001\000\040\000s\000p\000a\000w\000n\000\137\000t\000i\000m\000e\000r}{subsection.3.10.2}% 90
\BOOKMARK [3][-]{subsubsection.3.10.2.22}{\376\377\0003\000.\0001\0000\000.\0002\000.\0002\0002\000\040\000t\000i\000m\000e\000r\000\137\000r\000a\000l\000l\000e\000n\000t\000y\000\137\000b\000o\000n\000u\000s}{subsection.3.10.2}% 91
\BOOKMARK [3][-]{subsubsection.3.10.2.23}{\376\377\0003\000.\0001\0000\000.\0002\000.\0002\0003\000\040\000t\000i\000m\000e\000r\000\137\000s\000h\000i\000e\000l\000d\000\137\000b\000o\000n\000u\000s}{subsection.3.10.2}% 92
\BOOKMARK [1][-]{section.3.11}{\376\377\0003\000.\0001\0001\000\040\000R\000i\000f\000e\000r\000i\000m\000e\000n\000t\000i\000\040\000p\000e\000r\000\040\000l\000a\000\040\000s\000t\000r\000u\000c\000t\000\040\000m\000e\000n\000u\000\137\000g\000v\000\137\000t}{chapter.3}% 93
\BOOKMARK [2][-]{subsection.3.11.1}{\376\377\0003\000.\0001\0001\000.\0001\000\040\000D\000e\000s\000c\000r\000i\000z\000i\000o\000n\000e\000\040\000d\000e\000t\000t\000a\000g\000l\000i\000a\000t\000a}{section.3.11}% 94
\BOOKMARK [2][-]{subsection.3.11.2}{\376\377\0003\000.\0001\0001\000.\0002\000\040\000D\000o\000c\000u\000m\000e\000n\000t\000a\000z\000i\000o\000n\000e\000\040\000d\000e\000i\000\040\000m\000e\000m\000b\000r\000i\000\040\000d\000a\000t\000o}{section.3.11}% 95
\BOOKMARK [3][-]{subsubsection.3.11.2.1}{\376\377\0003\000.\0001\0001\000.\0002\000.\0001\000\040\000C\000O\000P\000Y\000R\000I\000G\000H\000T\000\137\000F\000O\000N\000T\000S\000I\000Z\000E}{subsection.3.11.2}% 96
\BOOKMARK [3][-]{subsubsection.3.11.2.2}{\376\377\0003\000.\0001\0001\000.\0002\000.\0002\000\040\000C\000O\000P\000Y\000R\000I\000G\000H\000T\000\137\000T\000O\000P\000\137\000O\000F\000F\000S\000E\000T}{subsection.3.11.2}% 97
\BOOKMARK [3][-]{subsubsection.3.11.2.3}{\376\377\0003\000.\0001\0001\000.\0002\000.\0003\000\040\000I\000N\000T\000E\000R\000N\000A\000L\000\137\000O\000F\000F\000S\000E\000T}{subsection.3.11.2}% 98
\BOOKMARK [3][-]{subsubsection.3.11.2.4}{\376\377\0003\000.\0001\0001\000.\0002\000.\0004\000\040\000O\000P\000T\000I\000O\000N\000\137\000F\000O\000N\000T\000S\000I\000Z\000E}{subsection.3.11.2}% 99
\BOOKMARK [3][-]{subsubsection.3.11.2.5}{\376\377\0003\000.\0001\0001\000.\0002\000.\0005\000\040\000O\000P\000T\000I\000O\000N\000\137\000H}{subsection.3.11.2}% 100
\BOOKMARK [3][-]{subsubsection.3.11.2.6}{\376\377\0003\000.\0001\0001\000.\0002\000.\0006\000\040\000O\000P\000T\000I\000O\000N\000\137\000T\000E\000X\000T\000\137\000O\000F\000F\000S\000E\000T}{subsection.3.11.2}% 101
\BOOKMARK [3][-]{subsubsection.3.11.2.7}{\376\377\0003\000.\0001\0001\000.\0002\000.\0007\000\040\000O\000P\000T\000I\000O\000N\000\137\000W}{subsection.3.11.2}% 102
\BOOKMARK [3][-]{subsubsection.3.11.2.8}{\376\377\0003\000.\0001\0001\000.\0002\000.\0008\000\040\000T\000I\000T\000L\000E\000\137\000H}{subsection.3.11.2}% 103
\BOOKMARK [3][-]{subsubsection.3.11.2.9}{\376\377\0003\000.\0001\0001\000.\0002\000.\0009\000\040\000T\000I\000T\000L\000E\000\137\000W}{subsection.3.11.2}% 104
\BOOKMARK [3][-]{subsubsection.3.11.2.10}{\376\377\0003\000.\0001\0001\000.\0002\000.\0001\0000\000\040\000U\000P\000P\000E\000R\000\137\000O\000F\000F\000S\000E\000T}{subsection.3.11.2}% 105
\BOOKMARK [1][-]{section.3.12}{\376\377\0003\000.\0001\0002\000\040\000R\000i\000f\000e\000r\000i\000m\000e\000n\000t\000i\000\040\000p\000e\000r\000\040\000l\000a\000\040\000s\000t\000r\000u\000c\000t\000\040\000p\000l\000a\000y\000w\000a\000\137\000g\000v\000\137\000t}{chapter.3}% 106
\BOOKMARK [2][-]{subsection.3.12.1}{\376\377\0003\000.\0001\0002\000.\0001\000\040\000D\000e\000s\000c\000r\000i\000z\000i\000o\000n\000e\000\040\000d\000e\000t\000t\000a\000g\000l\000i\000a\000t\000a}{section.3.12}% 107
\BOOKMARK [2][-]{subsection.3.12.2}{\376\377\0003\000.\0001\0002\000.\0002\000\040\000D\000o\000c\000u\000m\000e\000n\000t\000a\000z\000i\000o\000n\000e\000\040\000d\000e\000i\000\040\000m\000e\000m\000b\000r\000i\000\040\000d\000a\000t\000o}{section.3.12}% 108
\BOOKMARK [3][-]{subsubsection.3.12.2.1}{\376\377\0003\000.\0001\0002\000.\0002\000.\0001\000\040\000A\000S\000T\000E\000R\000O\000I\000D\000\137\000F\000O\000N\000T\000S\000I\000Z\000E}{subsection.3.12.2}% 109
\BOOKMARK [3][-]{subsubsection.3.12.2.2}{\376\377\0003\000.\0001\0002\000.\0002\000.\0002\000\040\000A\000S\000T\000E\000R\000O\000I\000D\000\137\000S\000H\000A\000D\000O\000W\000\137\000G\000A\000P}{subsection.3.12.2}% 110
\BOOKMARK [3][-]{subsubsection.3.12.2.3}{\376\377\0003\000.\0001\0002\000.\0002\000.\0003\000\040\000A\000S\000T\000E\000R\000O\000I\000D\000\137\000T\000E\000X\000T\000\137\000S\000H\000A\000D\000O\000W\000\137\000G\000A\000P}{subsection.3.12.2}% 111
\BOOKMARK [3][-]{subsubsection.3.12.2.4}{\376\377\0003\000.\0001\0002\000.\0002\000.\0004\000\040\000B\000O\000N\000U\000S\000\137\000H\000I\000N\000T\000\137\000F\000O\000N\000T\000S\000I\000Z\000E}{subsection.3.12.2}% 112
\BOOKMARK [3][-]{subsubsection.3.12.2.5}{\376\377\0003\000.\0001\0002\000.\0002\000.\0005\000\040\000B\000O\000N\000U\000S\000\137\000L\000E\000F\000T\000\137\000O\000F\000F\000S\000E\000T}{subsection.3.12.2}% 113
\BOOKMARK [3][-]{subsubsection.3.12.2.6}{\376\377\0003\000.\0001\0002\000.\0002\000.\0006\000\040\000B\000O\000N\000U\000S\000\137\000N\000U\000M\000\137\000F\000O\000N\000T\000S\000I\000Z\000E}{subsection.3.12.2}% 114
\BOOKMARK [3][-]{subsubsection.3.12.2.7}{\376\377\0003\000.\0001\0002\000.\0002\000.\0007\000\040\000B\000O\000N\000U\000S\000\137\000T\000O\000P\000\137\000O\000F\000F\000S\000E\000T}{subsection.3.12.2}% 115
\BOOKMARK [3][-]{subsubsection.3.12.2.8}{\376\377\0003\000.\0001\0002\000.\0002\000.\0008\000\040\000B\000U\000L\000L\000E\000T\000\137\000R\000A\000D\000I\000U\000S}{subsection.3.12.2}% 116
\BOOKMARK [3][-]{subsubsection.3.12.2.9}{\376\377\0003\000.\0001\0002\000.\0002\000.\0009\000\040\000B\000U\000L\000L\000E\000T\000\137\000S\000C\000A\000L\000E}{subsection.3.12.2}% 117
\BOOKMARK [3][-]{subsubsection.3.12.2.10}{\376\377\0003\000.\0001\0002\000.\0002\000.\0001\0000\000\040\000D\000A\000N\000G\000E\000R\000\137\000R\000A\000D\000I\000U\000S}{subsection.3.12.2}% 118
\BOOKMARK [3][-]{subsubsection.3.12.2.11}{\376\377\0003\000.\0001\0002\000.\0002\000.\0001\0001\000\040\000H\000E\000I\000G\000H\000T\000\137\000B\000O\000N\000U\000S}{subsection.3.12.2}% 119
\BOOKMARK [3][-]{subsubsection.3.12.2.12}{\376\377\0003\000.\0001\0002\000.\0002\000.\0001\0002\000\040\000H\000I\000N\000T\000\137\000F\000O\000N\000T\000S\000I\000Z\000E}{subsection.3.12.2}% 120
\BOOKMARK [3][-]{subsubsection.3.12.2.13}{\376\377\0003\000.\0001\0002\000.\0002\000.\0001\0003\000\040\000H\000I\000N\000T\000\137\000L\000E\000F\000T\000\137\000O\000F\000F\000S\000E\000T}{subsection.3.12.2}% 121
\BOOKMARK [3][-]{subsubsection.3.12.2.14}{\376\377\0003\000.\0001\0002\000.\0002\000.\0001\0004\000\040\000H\000I\000N\000T\000\137\000T\000O\000P\000\137\000O\000F\000F\000S\000E\000T}{subsection.3.12.2}% 122
\BOOKMARK [3][-]{subsubsection.3.12.2.15}{\376\377\0003\000.\0001\0002\000.\0002\000.\0001\0005\000\040\000S\000C\000O\000R\000E\000\137\000F\000O\000N\000T\000S\000I\000Z\000E}{subsection.3.12.2}% 123
\BOOKMARK [3][-]{subsubsection.3.12.2.16}{\376\377\0003\000.\0001\0002\000.\0002\000.\0001\0006\000\040\000S\000C\000O\000R\000E\000\137\000L\000E\000F\000T\000\137\000O\000F\000F\000S\000E\000T}{subsection.3.12.2}% 124
\BOOKMARK [3][-]{subsubsection.3.12.2.17}{\376\377\0003\000.\0001\0002\000.\0002\000.\0001\0007\000\040\000S\000C\000O\000R\000E\000\137\000T\000O\000P\000\137\000O\000F\000F\000S\000E\000T}{subsection.3.12.2}% 125
\BOOKMARK [3][-]{subsubsection.3.12.2.18}{\376\377\0003\000.\0001\0002\000.\0002\000.\0001\0008\000\040\000S\000H\000O\000O\000T\000E\000R\000\137\000A\000R\000E\000A\000\137\000R\000A\000D}{subsection.3.12.2}% 126
\BOOKMARK [3][-]{subsubsection.3.12.2.19}{\376\377\0003\000.\0001\0002\000.\0002\000.\0001\0009\000\040\000S\000H\000O\000O\000T\000E\000R\000\137\000S\000C\000A\000L\000E}{subsection.3.12.2}% 127
\BOOKMARK [3][-]{subsubsection.3.12.2.20}{\376\377\0003\000.\0001\0002\000.\0002\000.\0002\0000\000\040\000T\000E\000X\000T\000\137\000I\000N\000T\000E\000R\000N\000A\000L\000\137\000O\000F\000F\000S\000E\000T}{subsection.3.12.2}% 128
\BOOKMARK [1][-]{section.3.13}{\376\377\0003\000.\0001\0003\000\040\000R\000i\000f\000e\000r\000i\000m\000e\000n\000t\000i\000\040\000p\000e\000r\000\040\000l\000a\000\040\000s\000t\000r\000u\000c\000t\000\040\000r\000e\000s\000u\000l\000t\000\137\000t}{chapter.3}% 129
\BOOKMARK [2][-]{subsection.3.13.1}{\376\377\0003\000.\0001\0003\000.\0001\000\040\000D\000e\000s\000c\000r\000i\000z\000i\000o\000n\000e\000\040\000d\000e\000t\000t\000a\000g\000l\000i\000a\000t\000a}{section.3.13}% 130
\BOOKMARK [2][-]{subsection.3.13.2}{\376\377\0003\000.\0001\0003\000.\0002\000\040\000D\000o\000c\000u\000m\000e\000n\000t\000a\000z\000i\000o\000n\000e\000\040\000d\000e\000i\000\040\000m\000e\000m\000b\000r\000i\000\040\000d\000a\000t\000o}{section.3.13}% 131
\BOOKMARK [3][-]{subsubsection.3.13.2.1}{\376\377\0003\000.\0001\0003\000.\0002\000.\0001\000\040\000c\000o\000u\000n\000t\000\137\000r\000e\000s\000u\000l\000t}{subsection.3.13.2}% 132
\BOOKMARK [3][-]{subsubsection.3.13.2.2}{\376\377\0003\000.\0001\0003\000.\0002\000.\0002\000\040\000p\000a\000s\000s\000\137\000r\000e\000s\000u\000l\000t}{subsection.3.13.2}% 133
\BOOKMARK [1][-]{section.3.14}{\376\377\0003\000.\0001\0004\000\040\000R\000i\000f\000e\000r\000i\000m\000e\000n\000t\000i\000\040\000p\000e\000r\000\040\000l\000a\000\040\000s\000t\000r\000u\000c\000t\000\040\000s\000e\000a\000r\000c\000h\000\137\000m\000a\000n\000a\000g\000e\000r\000\137\000t}{chapter.3}% 134
\BOOKMARK [2][-]{subsection.3.14.1}{\376\377\0003\000.\0001\0004\000.\0001\000\040\000D\000e\000s\000c\000r\000i\000z\000i\000o\000n\000e\000\040\000d\000e\000t\000t\000a\000g\000l\000i\000a\000t\000a}{section.3.14}% 135
\BOOKMARK [2][-]{subsection.3.14.2}{\376\377\0003\000.\0001\0004\000.\0002\000\040\000D\000o\000c\000u\000m\000e\000n\000t\000a\000z\000i\000o\000n\000e\000\040\000d\000e\000i\000\040\000m\000e\000m\000b\000r\000i\000\040\000d\000a\000t\000o}{section.3.14}% 136
\BOOKMARK [3][-]{subsubsection.3.14.2.1}{\376\377\0003\000.\0001\0004\000.\0002\000.\0001\000\040\000e\000m\000a\000i\000l}{subsection.3.14.2}% 137
\BOOKMARK [3][-]{subsubsection.3.14.2.2}{\376\377\0003\000.\0001\0004\000.\0002\000.\0002\000\040\000f\000i\000l\000e\000\137\000l\000i\000s\000t}{subsection.3.14.2}% 138
\BOOKMARK [3][-]{subsubsection.3.14.2.3}{\376\377\0003\000.\0001\0004\000.\0002\000.\0003\000\040\000r\000e\000s}{subsection.3.14.2}% 139
\BOOKMARK [3][-]{subsubsection.3.14.2.4}{\376\377\0003\000.\0001\0004\000.\0002\000.\0004\000\040\000t\000h\000r\000e\000a\000d\000s}{subsection.3.14.2}% 140
\BOOKMARK [1][-]{section.3.15}{\376\377\0003\000.\0001\0005\000\040\000R\000i\000f\000e\000r\000i\000m\000e\000n\000t\000i\000\040\000p\000e\000r\000\040\000l\000a\000\040\000s\000t\000r\000u\000c\000t\000\040\000s\000e\000t\000t\000i\000n\000g\000s\000\137\000t}{chapter.3}% 141
\BOOKMARK [2][-]{subsection.3.15.1}{\376\377\0003\000.\0001\0005\000.\0001\000\040\000D\000e\000s\000c\000r\000i\000z\000i\000o\000n\000e\000\040\000d\000e\000t\000t\000a\000g\000l\000i\000a\000t\000a}{section.3.15}% 142
\BOOKMARK [2][-]{subsection.3.15.2}{\376\377\0003\000.\0001\0005\000.\0002\000\040\000D\000o\000c\000u\000m\000e\000n\000t\000a\000z\000i\000o\000n\000e\000\040\000d\000e\000i\000\040\000m\000e\000m\000b\000r\000i\000\040\000d\000a\000t\000o}{section.3.15}% 143
\BOOKMARK [3][-]{subsubsection.3.15.2.1}{\376\377\0003\000.\0001\0005\000.\0002\000.\0001\000\040\000m\000u\000s\000i\000c}{subsection.3.15.2}% 144
\BOOKMARK [3][-]{subsubsection.3.15.2.2}{\376\377\0003\000.\0001\0005\000.\0002\000.\0002\000\040\000s\000o\000u\000n\000d}{subsection.3.15.2}% 145
\BOOKMARK [3][-]{subsubsection.3.15.2.3}{\376\377\0003\000.\0001\0005\000.\0002\000.\0003\000\040\000v\000i\000s\000i\000b\000l\000e\000\137\000h\000i\000n\000t\000s}{subsection.3.15.2}% 146
\BOOKMARK [1][-]{section.3.16}{\376\377\0003\000.\0001\0006\000\040\000R\000i\000f\000e\000r\000i\000m\000e\000n\000t\000i\000\040\000p\000e\000r\000\040\000l\000a\000\040\000s\000t\000r\000u\000c\000t\000\040\000s\000h\000o\000o\000t\000e\000r\000\137\000t}{chapter.3}% 147
\BOOKMARK [2][-]{subsection.3.16.1}{\376\377\0003\000.\0001\0006\000.\0001\000\040\000D\000e\000s\000c\000r\000i\000z\000i\000o\000n\000e\000\040\000d\000e\000t\000t\000a\000g\000l\000i\000a\000t\000a}{section.3.16}% 148
\BOOKMARK [2][-]{subsection.3.16.2}{\376\377\0003\000.\0001\0006\000.\0002\000\040\000D\000o\000c\000u\000m\000e\000n\000t\000a\000z\000i\000o\000n\000e\000\040\000d\000e\000i\000\040\000m\000e\000m\000b\000r\000i\000\040\000d\000a\000t\000o}{section.3.16}% 149
\BOOKMARK [3][-]{subsubsection.3.16.2.1}{\376\377\0003\000.\0001\0006\000.\0002\000.\0001\000\040\000r\000a\000d\000i\000u\000s}{subsection.3.16.2}% 150
\BOOKMARK [3][-]{subsubsection.3.16.2.2}{\376\377\0003\000.\0001\0006\000.\0002\000.\0002\000\040\000s\000l\000o\000p\000e}{subsection.3.16.2}% 151
\BOOKMARK [3][-]{subsubsection.3.16.2.3}{\376\377\0003\000.\0001\0006\000.\0002\000.\0003\000\040\000x}{subsection.3.16.2}% 152
\BOOKMARK [3][-]{subsubsection.3.16.2.4}{\376\377\0003\000.\0001\0006\000.\0002\000.\0004\000\040\000y}{subsection.3.16.2}% 153
\BOOKMARK [1][-]{section.3.17}{\376\377\0003\000.\0001\0007\000\040\000R\000i\000f\000e\000r\000i\000m\000e\000n\000t\000i\000\040\000p\000e\000r\000\040\000l\000a\000\040\000s\000t\000r\000u\000c\000t\000\040\000t\000h\000r\000e\000a\000d\000\137\000m\000a\000n\000a\000g\000e\000r\000\137\000t}{chapter.3}% 154
\BOOKMARK [2][-]{subsection.3.17.1}{\376\377\0003\000.\0001\0007\000.\0001\000\040\000D\000e\000s\000c\000r\000i\000z\000i\000o\000n\000e\000\040\000d\000e\000t\000t\000a\000g\000l\000i\000a\000t\000a}{section.3.17}% 155
\BOOKMARK [2][-]{subsection.3.17.2}{\376\377\0003\000.\0001\0007\000.\0002\000\040\000D\000o\000c\000u\000m\000e\000n\000t\000a\000z\000i\000o\000n\000e\000\040\000d\000e\000i\000\040\000m\000e\000m\000b\000r\000i\000\040\000d\000a\000t\000o}{section.3.17}% 156
\BOOKMARK [3][-]{subsubsection.3.17.2.1}{\376\377\0003\000.\0001\0007\000.\0002\000.\0001\000\040\000c\000o\000n\000s\000u\000m\000e\000r\000\137\000s\000e\000m}{subsection.3.17.2}% 157
\BOOKMARK [3][-]{subsubsection.3.17.2.2}{\376\377\0003\000.\0001\0007\000.\0002\000.\0002\000\040\000g\000a\000m\000e\000o\000v\000e\000r\000\137\000c\000o\000n\000d}{subsection.3.17.2}% 158
\BOOKMARK [3][-]{subsubsection.3.17.2.3}{\376\377\0003\000.\0001\0007\000.\0002\000.\0003\000\040\000g\000a\000m\000e\000o\000v\000e\000r\000\137\000m\000u\000t\000e\000x}{subsection.3.17.2}% 159
\BOOKMARK [3][-]{subsubsection.3.17.2.4}{\376\377\0003\000.\0001\0007\000.\0002\000.\0004\000\040\000s\000e\000a\000r\000c\000h\000\137\000m\000a\000n\000a\000g\000e\000r}{subsection.3.17.2}% 160
\BOOKMARK [3][-]{subsubsection.3.17.2.5}{\376\377\0003\000.\0001\0007\000.\0002\000.\0005\000\040\000s\000e\000a\000r\000c\000h\000\137\000r\000e\000s\000u\000l\000t\000\137\000m\000u\000t\000e\000x}{subsection.3.17.2}% 161
\BOOKMARK [3][-]{subsubsection.3.17.2.6}{\376\377\0003\000.\0001\0007\000.\0002\000.\0006\000\040\000s\000e\000a\000r\000c\000h\000e\000r\000\137\000s\000e\000m}{subsection.3.17.2}% 162
\BOOKMARK [3][-]{subsubsection.3.17.2.7}{\376\377\0003\000.\0001\0007\000.\0002\000.\0007\000\040\000s\000e\000a\000r\000c\000h\000e\000r\000\137\000t\000h\000r\000e\000a\000d}{subsection.3.17.2}% 163
\BOOKMARK [3][-]{subsubsection.3.17.2.8}{\376\377\0003\000.\0001\0007\000.\0002\000.\0008\000\040\000s\000p\000a\000w\000n\000\137\000c\000o\000n\000d}{subsection.3.17.2}% 164
\BOOKMARK [3][-]{subsubsection.3.17.2.9}{\376\377\0003\000.\0001\0007\000.\0002\000.\0009\000\040\000s\000p\000a\000w\000n\000\137\000m\000u\000t\000e\000x}{subsection.3.17.2}% 165
\BOOKMARK [3][-]{subsubsection.3.17.2.10}{\376\377\0003\000.\0001\0007\000.\0002\000.\0001\0000\000\040\000s\000p\000a\000w\000n\000e\000r\000\137\000t\000h\000r\000e\000a\000d}{subsection.3.17.2}% 166
\BOOKMARK [3][-]{subsubsection.3.17.2.11}{\376\377\0003\000.\0001\0007\000.\0002\000.\0001\0001\000\040\000w\000o\000r\000d\000s\000\137\000b\000u\000f\000f\000e\000r\000\137\000m\000u\000t\000e\000x}{subsection.3.17.2}% 167
\BOOKMARK [1][-]{section.3.18}{\376\377\0003\000.\0001\0008\000\040\000R\000i\000f\000e\000r\000i\000m\000e\000n\000t\000i\000\040\000p\000e\000r\000\040\000l\000a\000\040\000s\000t\000r\000u\000c\000t\000\040\000u\000s\000r\000\137\000g\000v\000\137\000t}{chapter.3}% 168
\BOOKMARK [2][-]{subsection.3.18.1}{\376\377\0003\000.\0001\0008\000.\0001\000\040\000D\000e\000s\000c\000r\000i\000z\000i\000o\000n\000e\000\040\000d\000e\000t\000t\000a\000g\000l\000i\000a\000t\000a}{section.3.18}% 169
\BOOKMARK [2][-]{subsection.3.18.2}{\376\377\0003\000.\0001\0008\000.\0002\000\040\000D\000o\000c\000u\000m\000e\000n\000t\000a\000z\000i\000o\000n\000e\000\040\000d\000e\000i\000\040\000m\000e\000m\000b\000r\000i\000\040\000d\000a\000t\000o}{section.3.18}% 170
\BOOKMARK [3][-]{subsubsection.3.18.2.1}{\376\377\0003\000.\0001\0008\000.\0002\000.\0001\000\040\000E\000N\000T\000E\000R\000\137\000F\000O\000N\000T\000S\000I\000Z\000E}{subsection.3.18.2}% 171
\BOOKMARK [3][-]{subsubsection.3.18.2.2}{\376\377\0003\000.\0001\0008\000.\0002\000.\0002\000\040\000E\000N\000T\000E\000R\000\137\000H\000E\000I\000G\000H\000T}{subsection.3.18.2}% 172
\BOOKMARK [3][-]{subsubsection.3.18.2.3}{\376\377\0003\000.\0001\0008\000.\0002\000.\0003\000\040\000E\000N\000T\000E\000R\000\137\000L\000E\000F\000T\000\137\000O\000F\000F\000S\000E\000T}{subsection.3.18.2}% 173
\BOOKMARK [3][-]{subsubsection.3.18.2.4}{\376\377\0003\000.\0001\0008\000.\0002\000.\0004\000\040\000E\000N\000T\000E\000R\000\137\000T\000O\000P\000\137\000O\000F\000F\000S\000E\000T}{subsection.3.18.2}% 174
\BOOKMARK [3][-]{subsubsection.3.18.2.5}{\376\377\0003\000.\0001\0008\000.\0002\000.\0005\000\040\000E\000N\000T\000E\000R\000\137\000W\000I\000D\000T\000H}{subsection.3.18.2}% 175
\BOOKMARK [3][-]{subsubsection.3.18.2.6}{\376\377\0003\000.\0001\0008\000.\0002\000.\0006\000\040\000S\000T\000A\000T\000S\000\137\000F\000O\000N\000T\000S\000I\000Z\000E}{subsection.3.18.2}% 176
\BOOKMARK [3][-]{subsubsection.3.18.2.7}{\376\377\0003\000.\0001\0008\000.\0002\000.\0007\000\040\000U\000S\000E\000R\000N\000A\000M\000E\000\137\000B\000L\000O\000C\000K\000\137\000T\000O\000P\000\137\000O\000F\000F\000S\000E\000T}{subsection.3.18.2}% 177
\BOOKMARK [3][-]{subsubsection.3.18.2.8}{\376\377\0003\000.\0001\0008\000.\0002\000.\0008\000\040\000U\000S\000E\000R\000N\000A\000M\000E\000\137\000F\000O\000N\000T\000S\000I\000Z\000E}{subsection.3.18.2}% 178
\BOOKMARK [1][-]{section.3.19}{\376\377\0003\000.\0001\0009\000\040\000R\000i\000f\000e\000r\000i\000m\000e\000n\000t\000i\000\040\000p\000e\000r\000\040\000l\000a\000\040\000s\000t\000r\000u\000c\000t\000\040\000w\000o\000r\000d\000s\000\137\000b\000u\000f\000f\000e\000r\000\137\000t}{chapter.3}% 179
\BOOKMARK [2][-]{subsection.3.19.1}{\376\377\0003\000.\0001\0009\000.\0001\000\040\000D\000e\000s\000c\000r\000i\000z\000i\000o\000n\000e\000\040\000d\000e\000t\000t\000a\000g\000l\000i\000a\000t\000a}{section.3.19}% 180
\BOOKMARK [2][-]{subsection.3.19.2}{\376\377\0003\000.\0001\0009\000.\0002\000\040\000D\000o\000c\000u\000m\000e\000n\000t\000a\000z\000i\000o\000n\000e\000\040\000d\000e\000i\000\040\000m\000e\000m\000b\000r\000i\000\040\000d\000a\000t\000o}{section.3.19}% 181
\BOOKMARK [3][-]{subsubsection.3.19.2.1}{\376\377\0003\000.\0001\0009\000.\0002\000.\0001\000\040\000l\000o\000a\000d}{subsection.3.19.2}% 182
\BOOKMARK [3][-]{subsubsection.3.19.2.2}{\376\377\0003\000.\0001\0009\000.\0002\000.\0002\000\040\000w\000o\000r\000d\000s}{subsection.3.19.2}% 183
\BOOKMARK [0][-]{chapter.4}{\376\377\0004\000\040\000D\000o\000c\000u\000m\000e\000n\000t\000a\000z\000i\000o\000n\000e\000\040\000d\000e\000i\000\040\000f\000i\000l\000e}{}% 184
\BOOKMARK [1][-]{section.4.1}{\376\377\0004\000.\0001\000\040\000R\000i\000f\000e\000r\000i\000m\000e\000n\000t\000i\000\040\000p\000e\000r\000\040\000i\000l\000\040\000f\000i\000l\000e\000\040\000a\000r\000c\000h\000i\000v\000e\000\137\000f\000u\000n\000c\000t\000i\000o\000n\000s\000.\000c\000p\000p}{chapter.4}% 185
\BOOKMARK [2][-]{subsection.4.1.1}{\376\377\0004\000.\0001\000.\0001\000\040\000D\000o\000c\000u\000m\000e\000n\000t\000a\000z\000i\000o\000n\000e\000\040\000d\000e\000l\000l\000e\000\040\000f\000u\000n\000z\000i\000o\000n\000i}{section.4.1}% 186
\BOOKMARK [3][-]{subsubsection.4.1.1.1}{\376\377\0004\000.\0001\000.\0001\000.\0001\000\040\000s\000t\000a\000r\000t\000\137\000s\000e\000a\000r\000c\000h\000i\000n\000g\000\050\000\051}{subsection.4.1.1}% 187
\BOOKMARK [1][-]{section.4.2}{\376\377\0004\000.\0002\000\040\000R\000i\000f\000e\000r\000i\000m\000e\000n\000t\000i\000\040\000p\000e\000r\000\040\000i\000l\000\040\000f\000i\000l\000e\000\040\000a\000r\000c\000h\000i\000v\000e\000\137\000f\000u\000n\000c\000t\000i\000o\000n\000s\000.\000h}{chapter.4}% 188
\BOOKMARK [2][-]{subsection.4.2.1}{\376\377\0004\000.\0002\000.\0001\000\040\000D\000o\000c\000u\000m\000e\000n\000t\000a\000z\000i\000o\000n\000e\000\040\000d\000e\000l\000l\000e\000\040\000f\000u\000n\000z\000i\000o\000n\000i}{section.4.2}% 189
\BOOKMARK [3][-]{subsubsection.4.2.1.1}{\376\377\0004\000.\0002\000.\0001\000.\0001\000\040\000s\000t\000a\000r\000t\000\137\000s\000e\000a\000r\000c\000h\000i\000n\000g\000\050\000\051}{subsection.4.2.1}% 190
\BOOKMARK [2][-]{subsection.4.2.2}{\376\377\0004\000.\0002\000.\0002\000\040\000D\000o\000c\000u\000m\000e\000n\000t\000a\000z\000i\000o\000n\000e\000\040\000d\000e\000l\000l\000e\000\040\000v\000a\000r\000i\000a\000b\000i\000l\000i}{section.4.2}% 191
\BOOKMARK [3][-]{subsubsection.4.2.2.1}{\376\377\0004\000.\0002\000.\0002\000.\0001\000\040\000t\000h\000r\000e\000a\000d\000\137\000m\000a\000n\000a\000g\000e\000r}{subsection.4.2.2}% 192
\BOOKMARK [3][-]{subsubsection.4.2.2.2}{\376\377\0004\000.\0002\000.\0002\000.\0002\000\040\000w\000o\000r\000d\000s\000\137\000b\000u\000f\000f\000e\000r}{subsection.4.2.2}% 193
\BOOKMARK [1][-]{section.4.3}{\376\377\0004\000.\0003\000\040\000R\000i\000f\000e\000r\000i\000m\000e\000n\000t\000i\000\040\000p\000e\000r\000\040\000i\000l\000\040\000f\000i\000l\000e\000\040\000d\000a\000t\000a\000.\000h}{chapter.4}% 194
\BOOKMARK [2][-]{subsection.4.3.1}{\376\377\0004\000.\0003\000.\0001\000\040\000D\000o\000c\000u\000m\000e\000n\000t\000a\000z\000i\000o\000n\000e\000\040\000d\000e\000l\000l\000e\000\040\000d\000e\000f\000i\000n\000i\000z\000i\000o\000n\000i}{section.4.3}% 195
\BOOKMARK [3][-]{subsubsection.4.3.1.1}{\376\377\0004\000.\0003\000.\0001\000.\0001\000\040\000B\000G\000\137\000R\000E\000F\000R\000E\000S\000H\000\137\000T\000I\000M\000E}{subsection.4.3.1}% 196
\BOOKMARK [3][-]{subsubsection.4.3.1.2}{\376\377\0004\000.\0003\000.\0001\000.\0002\000\040\000G\000A\000M\000E\000R\000E\000S\000\137\000H}{subsection.4.3.1}% 197
\BOOKMARK [3][-]{subsubsection.4.3.1.3}{\376\377\0004\000.\0003\000.\0001\000.\0003\000\040\000G\000A\000M\000E\000R\000E\000S\000\137\000W}{subsection.4.3.1}% 198
\BOOKMARK [3][-]{subsubsection.4.3.1.4}{\376\377\0004\000.\0003\000.\0001\000.\0004\000\040\000M\000A\000X\000\137\000A\000S\000T\000E\000R\000O\000I\000D\000\137\000H\000E\000A\000D}{subsection.4.3.1}% 199
\BOOKMARK [3][-]{subsubsection.4.3.1.5}{\376\377\0004\000.\0003\000.\0001\000.\0005\000\040\000M\000A\000X\000\137\000D\000I\000G\000I\000T\000\137\000S\000C\000O\000R\000E}{subsection.4.3.1}% 200
\BOOKMARK [3][-]{subsubsection.4.3.1.6}{\376\377\0004\000.\0003\000.\0001\000.\0006\000\040\000M\000A\000X\000\137\000L\000E\000N\000G\000T\000H\000\137\000W\000O\000R\000D}{subsection.4.3.1}% 201
\BOOKMARK [3][-]{subsubsection.4.3.1.7}{\376\377\0004\000.\0003\000.\0001\000.\0007\000\040\000M\000A\000X\000\137\000M\000A\000T\000C\000H\000I\000N\000G\000\137\000P\000A\000S\000S}{subsection.4.3.1}% 202
\BOOKMARK [3][-]{subsubsection.4.3.1.8}{\376\377\0004\000.\0003\000.\0001\000.\0008\000\040\000M\000A\000X\000\137\000U\000S\000E\000R\000N\000A\000M\000E\000\137\000L\000E\000N\000G\000T\000H}{subsection.4.3.1}% 203
\BOOKMARK [3][-]{subsubsection.4.3.1.9}{\376\377\0004\000.\0003\000.\0001\000.\0009\000\040\000M\000E\000N\000U\000\137\000C\000P\000Y\000\137\000C\000O\000L\000O\000R}{subsection.4.3.1}% 204
\BOOKMARK [3][-]{subsubsection.4.3.1.10}{\376\377\0004\000.\0003\000.\0001\000.\0001\0000\000\040\000M\000E\000N\000U\000\137\000F\000O\000N\000T\000\137\000C\000O\000L\000O\000R}{subsection.4.3.1}% 205
\BOOKMARK [3][-]{subsubsection.4.3.1.11}{\376\377\0004\000.\0003\000.\0001\000.\0001\0001\000\040\000M\000I\000N\000\137\000T\000I\000M\000E\000\137\000S\000P\000A\000W\000N}{subsection.4.3.1}% 206
\BOOKMARK [3][-]{subsubsection.4.3.1.12}{\376\377\0004\000.\0003\000.\0001\000.\0001\0002\000\040\000M\000O\000N\000I\000T\000O\000R\000\137\000O\000F\000F\000S\000E\000T\000\137\000R\000A\000T\000E}{subsection.4.3.1}% 207
\BOOKMARK [3][-]{subsubsection.4.3.1.13}{\376\377\0004\000.\0003\000.\0001\000.\0001\0003\000\040\000N\000U\000M\000\137\000I\000N\000S\000T\000R\000\137\000B\000I\000T\000M\000A\000P\000S}{subsection.4.3.1}% 208
\BOOKMARK [3][-]{subsubsection.4.3.1.14}{\376\377\0004\000.\0003\000.\0001\000.\0001\0004\000\040\000N\000U\000M\000\137\000I\000N\000S\000T\000R\000\137\000F\000O\000N\000T\000S}{subsection.4.3.1}% 209
\BOOKMARK [3][-]{subsubsection.4.3.1.15}{\376\377\0004\000.\0003\000.\0001\000.\0001\0005\000\040\000N\000U\000M\000\137\000I\000T\000E\000M\000S}{subsection.4.3.1}% 210
\BOOKMARK [3][-]{subsubsection.4.3.1.16}{\376\377\0004\000.\0003\000.\0001\000.\0001\0006\000\040\000N\000U\000M\000\137\000M\000E\000N\000U\000\137\000B\000I\000T\000M\000A\000P\000S}{subsection.4.3.1}% 211
\BOOKMARK [3][-]{subsubsection.4.3.1.17}{\376\377\0004\000.\0003\000.\0001\000.\0001\0007\000\040\000N\000U\000M\000\137\000M\000E\000N\000U\000\137\000F\000O\000N\000T\000S}{subsection.4.3.1}% 212
\BOOKMARK [3][-]{subsubsection.4.3.1.18}{\376\377\0004\000.\0003\000.\0001\000.\0001\0008\000\040\000N\000U\000M\000\137\000O\000P\000T\000I\000O\000N\000S}{subsection.4.3.1}% 213
\BOOKMARK [3][-]{subsubsection.4.3.1.19}{\376\377\0004\000.\0003\000.\0001\000.\0001\0009\000\040\000N\000U\000M\000\137\000O\000P\000T\000I\000O\000N\000S\000\137\000S\000E\000T\000T\000I\000N\000G\000S}{subsection.4.3.1}% 214
\BOOKMARK [3][-]{subsubsection.4.3.1.20}{\376\377\0004\000.\0003\000.\0001\000.\0002\0000\000\040\000N\000U\000M\000\137\000P\000L\000A\000Y\000W\000A\000\137\000B\000I\000T\000M\000A\000P\000S}{subsection.4.3.1}% 215
\BOOKMARK [3][-]{subsubsection.4.3.1.21}{\376\377\0004\000.\0003\000.\0001\000.\0002\0001\000\040\000N\000U\000M\000\137\000P\000L\000A\000Y\000W\000A\000\137\000F\000O\000N\000T\000S}{subsection.4.3.1}% 216
\BOOKMARK [3][-]{subsubsection.4.3.1.22}{\376\377\0004\000.\0003\000.\0001\000.\0002\0002\000\040\000N\000U\000M\000\137\000S\000E\000T\000T\000I\000N\000G\000S\000\137\000F\000O\000N\000T\000S}{subsection.4.3.1}% 217
\BOOKMARK [3][-]{subsubsection.4.3.1.23}{\376\377\0004\000.\0003\000.\0001\000.\0002\0003\000\040\000N\000U\000M\000\137\000U\000S\000E\000R\000\137\000F\000O\000N\000T\000S}{subsection.4.3.1}% 218
\BOOKMARK [3][-]{subsubsection.4.3.1.24}{\376\377\0004\000.\0003\000.\0001\000.\0002\0004\000\040\000S\000C\000O\000R\000E\000\137\000I\000N\000C\000R\000E\000M\000E\000N\000T}{subsection.4.3.1}% 219
\BOOKMARK [3][-]{subsubsection.4.3.1.25}{\376\377\0004\000.\0003\000.\0001\000.\0002\0005\000\040\000S\000H\000A\000D\000O\000W\000\137\000C\000O\000L\000O\000R}{subsection.4.3.1}% 220
\BOOKMARK [3][-]{subsubsection.4.3.1.26}{\376\377\0004\000.\0003\000.\0001\000.\0002\0006\000\040\000T\000I\000M\000E\000R\000\137\000R\000A\000L\000L\000E\000N\000T\000Y\000\137\000B\000O\000N\000U\000S}{subsection.4.3.1}% 221
\BOOKMARK [3][-]{subsubsection.4.3.1.27}{\376\377\0004\000.\0003\000.\0001\000.\0002\0007\000\040\000T\000I\000M\000E\000R\000\137\000S\000H\000I\000E\000L\000D\000\137\000B\000O\000N\000U\000S}{subsection.4.3.1}% 222
\BOOKMARK [2][-]{subsection.4.3.2}{\376\377\0004\000.\0003\000.\0002\000\040\000D\000o\000c\000u\000m\000e\000n\000t\000a\000z\000i\000o\000n\000e\000\040\000d\000e\000l\000l\000e\000\040\000r\000i\000d\000e\000f\000i\000n\000i\000z\000i\000o\000n\000i\000\040\000d\000i\000\040\000t\000i\000p\000o\000\040\000\050\000t\000y\000p\000e\000d\000e\000f\000\051}{section.4.3}% 223
\BOOKMARK [3][-]{subsubsection.4.3.2.1}{\376\377\0004\000.\0003\000.\0002\000.\0001\000\040\000a\000s\000t\000e\000r\000o\000i\000d\000\137\000l\000i\000s\000t}{subsection.4.3.2}% 224
\BOOKMARK [2][-]{subsection.4.3.3}{\376\377\0004\000.\0003\000.\0003\000\040\000D\000o\000c\000u\000m\000e\000n\000t\000a\000z\000i\000o\000n\000e\000\040\000d\000e\000i\000\040\000t\000i\000p\000i\000\040\000e\000n\000u\000m\000e\000r\000a\000t\000i}{section.4.3}% 225
\BOOKMARK [3][-]{subsubsection.4.3.3.1}{\376\377\0004\000.\0003\000.\0003\000.\0001\000\040\000a\000s\000t\000e\000r\000o\000i\000d\000\137\000s\000p\000e\000c\000i\000a\000l\000\137\000t}{subsection.4.3.3}% 226
\BOOKMARK [3][-]{subsubsection.4.3.3.2}{\376\377\0004\000.\0003\000.\0003\000.\0002\000\040\000e\000n\000a\000b\000l\000e\000\137\000t}{subsection.4.3.3}% 227
\BOOKMARK [2][-]{subsection.4.3.4}{\376\377\0004\000.\0003\000.\0004\000\040\000D\000o\000c\000u\000m\000e\000n\000t\000a\000z\000i\000o\000n\000e\000\040\000d\000e\000l\000l\000e\000\040\000v\000a\000r\000i\000a\000b\000i\000l\000i}{section.4.3}% 228
\BOOKMARK [3][-]{subsubsection.4.3.4.1}{\376\377\0004\000.\0003\000.\0004\000.\0001\000\040\000B\000M\000P\000\137\000P\000A\000T\000H\000\137\000B\000A\000S\000E}{subsection.4.3.4}% 229
\BOOKMARK [3][-]{subsubsection.4.3.4.2}{\376\377\0004\000.\0003\000.\0004\000.\0002\000\040\000F\000O\000N\000T\000\137\000P\000A\000T\000H}{subsection.4.3.4}% 230
\BOOKMARK [3][-]{subsubsection.4.3.4.3}{\376\377\0004\000.\0003\000.\0004\000.\0003\000\040\000M\000U\000S\000I\000C\000\137\000G\000A\000M\000E\000O\000V\000E\000R\000\137\000P\000A\000T\000H\000\137\000W\000A}{subsection.4.3.4}% 231
\BOOKMARK [3][-]{subsubsection.4.3.4.4}{\376\377\0004\000.\0003\000.\0004\000.\0004\000\040\000M\000U\000S\000I\000C\000\137\000M\000E\000N\000U\000\137\000P\000A\000T\000H\000\137\000W\000A}{subsection.4.3.4}% 232
\BOOKMARK [3][-]{subsubsection.4.3.4.5}{\376\377\0004\000.\0003\000.\0004\000.\0005\000\040\000M\000U\000S\000I\000C\000\137\000P\000L\000A\000Y\000W\000A\000\137\000P\000A\000T\000H\000\137\000W\000A}{subsection.4.3.4}% 233
\BOOKMARK [3][-]{subsubsection.4.3.4.6}{\376\377\0004\000.\0003\000.\0004\000.\0006\000\040\000N\000\137\000Q\000U\000E\000U\000E\000S}{subsection.4.3.4}% 234
\BOOKMARK [3][-]{subsubsection.4.3.4.7}{\376\377\0004\000.\0003\000.\0004\000.\0007\000\040\000S\000O\000U\000N\000D\000\137\000P\000A\000T\000H\000\137\000E\000R\000R\000O\000R}{subsection.4.3.4}% 235
\BOOKMARK [3][-]{subsubsection.4.3.4.8}{\376\377\0004\000.\0003\000.\0004\000.\0008\000\040\000S\000O\000U\000N\000D\000\137\000P\000A\000T\000H\000\137\000E\000X\000P\000L\000O\000S\000I\000O\000N}{subsection.4.3.4}% 236
\BOOKMARK [3][-]{subsubsection.4.3.4.9}{\376\377\0004\000.\0003\000.\0004\000.\0009\000\040\000S\000O\000U\000N\000D\000\137\000P\000A\000T\000H\000\137\000F\000I\000R\000E}{subsection.4.3.4}% 237
\BOOKMARK [3][-]{subsubsection.4.3.4.10}{\376\377\0004\000.\0003\000.\0004\000.\0001\0000\000\040\000S\000O\000U\000N\000D\000\137\000P\000A\000T\000H\000\137\000G\000A\000M\000E\000O\000V\000E\000R}{subsection.4.3.4}% 238
\BOOKMARK [1][-]{section.4.4}{\376\377\0004\000.\0004\000\040\000R\000i\000f\000e\000r\000i\000m\000e\000n\000t\000i\000\040\000p\000e\000r\000\040\000i\000l\000\040\000f\000i\000l\000e\000\040\000d\000r\000a\000w\000i\000n\000g\000\137\000f\000u\000n\000c\000t\000i\000o\000n\000s\000.\000c\000p\000p}{chapter.4}% 239
\BOOKMARK [2][-]{subsection.4.4.1}{\376\377\0004\000.\0004\000.\0001\000\040\000D\000o\000c\000u\000m\000e\000n\000t\000a\000z\000i\000o\000n\000e\000\040\000d\000e\000l\000l\000e\000\040\000f\000u\000n\000z\000i\000o\000n\000i}{section.4.4}% 240
\BOOKMARK [3][-]{subsubsection.4.4.1.1}{\376\377\0004\000.\0004\000.\0001\000.\0001\000\040\000d\000e\000s\000t\000r\000o\000y\000\137\000a\000r\000r\000\137\000b\000i\000t\000m\000a\000p\000s\000\050\000\051}{subsection.4.4.1}% 241
\BOOKMARK [3][-]{subsubsection.4.4.1.2}{\376\377\0004\000.\0004\000.\0001\000.\0002\000\040\000d\000e\000s\000t\000r\000o\000y\000\137\000a\000r\000r\000\137\000f\000o\000n\000t\000s\000\050\000\051}{subsection.4.4.1}% 242
\BOOKMARK [3][-]{subsubsection.4.4.1.3}{\376\377\0004\000.\0004\000.\0001\000.\0003\000\040\000d\000r\000a\000w\000\137\000b\000a\000c\000k\000\050\000\051}{subsection.4.4.1}% 243
\BOOKMARK [3][-]{subsubsection.4.4.1.4}{\376\377\0004\000.\0004\000.\0001\000.\0004\000\040\000d\000r\000a\000w\000\137\000b\000a\000c\000k\000g\000r\000o\000u\000n\000d\000\050\000\051}{subsection.4.4.1}% 244
\BOOKMARK [3][-]{subsubsection.4.4.1.5}{\376\377\0004\000.\0004\000.\0001\000.\0005\000\040\000d\000r\000a\000w\000\137\000g\000a\000m\000e\000o\000v\000e\000r\000\137\000a\000n\000i\000m\000a\000t\000i\000o\000n\000\050\000\051}{subsection.4.4.1}% 245
\BOOKMARK [3][-]{subsubsection.4.4.1.6}{\376\377\0004\000.\0004\000.\0001\000.\0006\000\040\000d\000r\000a\000w\000\137\000h\000e\000a\000d\000\050\000\051}{subsection.4.4.1}% 246
\BOOKMARK [3][-]{subsubsection.4.4.1.7}{\376\377\0004\000.\0004\000.\0001\000.\0007\000\040\000d\000r\000a\000w\000\137\000i\000n\000s\000t\000r\000u\000c\000t\000i\000o\000n\000s\000\050\000\051}{subsection.4.4.1}% 247
\BOOKMARK [3][-]{subsubsection.4.4.1.8}{\376\377\0004\000.\0004\000.\0001\000.\0008\000\040\000d\000r\000a\000w\000\137\000i\000n\000t\000r\000o\000\137\000i\000n\000i\000t\000\050\000\051}{subsection.4.4.1}% 248
\BOOKMARK [3][-]{subsubsection.4.4.1.9}{\376\377\0004\000.\0004\000.\0001\000.\0009\000\040\000d\000r\000a\000w\000\137\000i\000n\000t\000r\000o\000\137\000m\000e\000n\000u\000\137\000f\000a\000d\000e\000i\000n\000\050\000\051}{subsection.4.4.1}% 249
\BOOKMARK [3][-]{subsubsection.4.4.1.10}{\376\377\0004\000.\0004\000.\0001\000.\0001\0000\000\040\000d\000r\000a\000w\000\137\000i\000n\000t\000r\000o\000\137\000t\000i\000t\000l\000e\000\137\000s\000l\000i\000d\000e\000\050\000\051}{subsection.4.4.1}% 250
\BOOKMARK [3][-]{subsubsection.4.4.1.11}{\376\377\0004\000.\0004\000.\0001\000.\0001\0001\000\040\000d\000r\000a\000w\000\137\000m\000e\000n\000u\000\137\000c\000o\000p\000y\000r\000i\000g\000h\000t\000\050\000\051}{subsection.4.4.1}% 251
\BOOKMARK [3][-]{subsubsection.4.4.1.12}{\376\377\0004\000.\0004\000.\0001\000.\0001\0002\000\040\000d\000r\000a\000w\000\137\000m\000e\000n\000u\000\137\000o\000p\000t\000i\000o\000n\000\050\000\051}{subsection.4.4.1}% 252
\BOOKMARK [3][-]{subsubsection.4.4.1.13}{\376\377\0004\000.\0004\000.\0001\000.\0001\0003\000\040\000d\000r\000a\000w\000\137\000m\000e\000n\000u\000\137\000t\000i\000t\000l\000e\000\050\000\051}{subsection.4.4.1}% 253
\BOOKMARK [3][-]{subsubsection.4.4.1.14}{\376\377\0004\000.\0004\000.\0001\000.\0001\0004\000\040\000d\000r\000a\000w\000\137\000p\000l\000a\000y\000a\000g\000a\000i\000n\000\137\000b\000u\000t\000t\000o\000n\000\050\000\051}{subsection.4.4.1}% 254
\BOOKMARK [3][-]{subsubsection.4.4.1.15}{\376\377\0004\000.\0004\000.\0001\000.\0001\0005\000\040\000d\000r\000a\000w\000\137\000p\000l\000a\000y\000w\000a\000\137\000a\000s\000t\000e\000r\000o\000i\000d\000s\000\137\000b\000u\000l\000l\000e\000t\000s\000\050\000\051}{subsection.4.4.1}% 255
\BOOKMARK [3][-]{subsubsection.4.4.1.16}{\376\377\0004\000.\0004\000.\0001\000.\0001\0006\000\040\000d\000r\000a\000w\000\137\000p\000l\000a\000y\000w\000a\000\137\000b\000o\000n\000u\000s\000\137\000m\000u\000s\000i\000c\000\050\000\051}{subsection.4.4.1}% 256
\BOOKMARK [3][-]{subsubsection.4.4.1.17}{\376\377\0004\000.\0004\000.\0001\000.\0001\0007\000\040\000d\000r\000a\000w\000\137\000p\000l\000a\000y\000w\000a\000\137\000s\000c\000o\000r\000e\000\137\000h\000i\000n\000t\000\050\000\051}{subsection.4.4.1}% 257
\BOOKMARK [3][-]{subsubsection.4.4.1.18}{\376\377\0004\000.\0004\000.\0001\000.\0001\0008\000\040\000d\000r\000a\000w\000\137\000p\000l\000a\000y\000w\000a\000\137\000s\000h\000o\000o\000t\000e\000r\000\050\000\051}{subsection.4.4.1}% 258
\BOOKMARK [3][-]{subsubsection.4.4.1.19}{\376\377\0004\000.\0004\000.\0001\000.\0001\0009\000\040\000d\000r\000a\000w\000\137\000r\000e\000s\000u\000l\000t\000s\000\050\000\051}{subsection.4.4.1}% 259
\BOOKMARK [3][-]{subsubsection.4.4.1.20}{\376\377\0004\000.\0004\000.\0001\000.\0002\0000\000\040\000d\000r\000a\000w\000\137\000s\000t\000a\000t\000\050\000\051}{subsection.4.4.1}% 260
\BOOKMARK [3][-]{subsubsection.4.4.1.21}{\376\377\0004\000.\0004\000.\0001\000.\0002\0001\000\040\000d\000r\000a\000w\000\137\000s\000t\000a\000t\000s\000\137\000b\000l\000o\000c\000k\000s\000\050\000\051}{subsection.4.4.1}% 261
\BOOKMARK [3][-]{subsubsection.4.4.1.22}{\376\377\0004\000.\0004\000.\0001\000.\0002\0002\000\040\000d\000r\000a\000w\000\137\000u\000s\000e\000r\000n\000a\000m\000e\000\050\000\051}{subsection.4.4.1}% 262
\BOOKMARK [3][-]{subsubsection.4.4.1.23}{\376\377\0004\000.\0004\000.\0001\000.\0002\0003\000\040\000d\000r\000a\000w\000\137\000u\000s\000e\000r\000n\000a\000m\000e\000\137\000b\000l\000o\000c\000k\000\050\000\051}{subsection.4.4.1}% 263
\BOOKMARK [3][-]{subsubsection.4.4.1.24}{\376\377\0004\000.\0004\000.\0001\000.\0002\0004\000\040\000g\000e\000n\000e\000r\000a\000t\000e\000\137\000i\000n\000s\000t\000r\000\137\000b\000i\000t\000m\000a\000p\000s\000\050\000\051}{subsection.4.4.1}% 264
\BOOKMARK [3][-]{subsubsection.4.4.1.25}{\376\377\0004\000.\0004\000.\0001\000.\0002\0005\000\040\000g\000e\000n\000e\000r\000a\000t\000e\000\137\000i\000n\000s\000t\000r\000\137\000f\000o\000n\000t\000s\000\050\000\051}{subsection.4.4.1}% 265
\BOOKMARK [3][-]{subsubsection.4.4.1.26}{\376\377\0004\000.\0004\000.\0001\000.\0002\0006\000\040\000g\000e\000n\000e\000r\000a\000t\000e\000\137\000m\000e\000n\000u\000\137\000b\000i\000t\000m\000a\000p\000s\000\050\000\051}{subsection.4.4.1}% 266
\BOOKMARK [3][-]{subsubsection.4.4.1.27}{\376\377\0004\000.\0004\000.\0001\000.\0002\0007\000\040\000g\000e\000n\000e\000r\000a\000t\000e\000\137\000m\000e\000n\000u\000\137\000f\000o\000n\000t\000s\000\050\000\051}{subsection.4.4.1}% 267
\BOOKMARK [3][-]{subsubsection.4.4.1.28}{\376\377\0004\000.\0004\000.\0001\000.\0002\0008\000\040\000g\000e\000n\000e\000r\000a\000t\000e\000\137\000p\000l\000a\000y\000w\000a\000\137\000b\000i\000t\000m\000a\000p\000s\000\050\000\051}{subsection.4.4.1}% 268
\BOOKMARK [3][-]{subsubsection.4.4.1.29}{\376\377\0004\000.\0004\000.\0001\000.\0002\0009\000\040\000g\000e\000n\000e\000r\000a\000t\000e\000\137\000p\000l\000a\000y\000w\000a\000\137\000f\000o\000n\000t\000s\000\050\000\051}{subsection.4.4.1}% 269
\BOOKMARK [3][-]{subsubsection.4.4.1.30}{\376\377\0004\000.\0004\000.\0001\000.\0003\0000\000\040\000g\000e\000n\000e\000r\000a\000t\000e\000\137\000s\000e\000t\000t\000i\000n\000g\000s\000\137\000f\000o\000n\000t\000s\000\050\000\051}{subsection.4.4.1}% 270
\BOOKMARK [3][-]{subsubsection.4.4.1.31}{\376\377\0004\000.\0004\000.\0001\000.\0003\0001\000\040\000g\000e\000n\000e\000r\000a\000t\000e\000\137\000u\000s\000e\000r\000\137\000f\000o\000n\000t\000s\000\050\000\051}{subsection.4.4.1}% 271
\BOOKMARK [1][-]{section.4.5}{\376\377\0004\000.\0005\000\040\000R\000i\000f\000e\000r\000i\000m\000e\000n\000t\000i\000\040\000p\000e\000r\000\040\000i\000l\000\040\000f\000i\000l\000e\000\040\000d\000r\000a\000w\000i\000n\000g\000\137\000f\000u\000n\000c\000t\000i\000o\000n\000s\000.\000h}{chapter.4}% 272
\BOOKMARK [2][-]{subsection.4.5.1}{\376\377\0004\000.\0005\000.\0001\000\040\000D\000o\000c\000u\000m\000e\000n\000t\000a\000z\000i\000o\000n\000e\000\040\000d\000e\000l\000l\000e\000\040\000f\000u\000n\000z\000i\000o\000n\000i}{section.4.5}% 273
\BOOKMARK [3][-]{subsubsection.4.5.1.1}{\376\377\0004\000.\0005\000.\0001\000.\0001\000\040\000d\000e\000s\000t\000r\000o\000y\000\137\000a\000r\000r\000\137\000b\000i\000t\000m\000a\000p\000s\000\050\000\051}{subsection.4.5.1}% 274
\BOOKMARK [3][-]{subsubsection.4.5.1.2}{\376\377\0004\000.\0005\000.\0001\000.\0002\000\040\000d\000e\000s\000t\000r\000o\000y\000\137\000a\000r\000r\000\137\000f\000o\000n\000t\000s\000\050\000\051}{subsection.4.5.1}% 275
\BOOKMARK [3][-]{subsubsection.4.5.1.3}{\376\377\0004\000.\0005\000.\0001\000.\0003\000\040\000d\000r\000a\000w\000\137\000b\000a\000c\000k\000\050\000\051}{subsection.4.5.1}% 276
\BOOKMARK [3][-]{subsubsection.4.5.1.4}{\376\377\0004\000.\0005\000.\0001\000.\0004\000\040\000d\000r\000a\000w\000\137\000b\000a\000c\000k\000g\000r\000o\000u\000n\000d\000\050\000\051}{subsection.4.5.1}% 277
\BOOKMARK [3][-]{subsubsection.4.5.1.5}{\376\377\0004\000.\0005\000.\0001\000.\0005\000\040\000d\000r\000a\000w\000\137\000g\000a\000m\000e\000o\000v\000e\000r\000\137\000a\000n\000i\000m\000a\000t\000i\000o\000n\000\050\000\051}{subsection.4.5.1}% 278
\BOOKMARK [3][-]{subsubsection.4.5.1.6}{\376\377\0004\000.\0005\000.\0001\000.\0006\000\040\000d\000r\000a\000w\000\137\000h\000e\000a\000d\000\050\000\051}{subsection.4.5.1}% 279
\BOOKMARK [3][-]{subsubsection.4.5.1.7}{\376\377\0004\000.\0005\000.\0001\000.\0007\000\040\000d\000r\000a\000w\000\137\000i\000n\000s\000t\000r\000u\000c\000t\000i\000o\000n\000s\000\050\000\051}{subsection.4.5.1}% 280
\BOOKMARK [3][-]{subsubsection.4.5.1.8}{\376\377\0004\000.\0005\000.\0001\000.\0008\000\040\000d\000r\000a\000w\000\137\000i\000n\000t\000r\000o\000\137\000i\000n\000i\000t\000\050\000\051}{subsection.4.5.1}% 281
\BOOKMARK [3][-]{subsubsection.4.5.1.9}{\376\377\0004\000.\0005\000.\0001\000.\0009\000\040\000d\000r\000a\000w\000\137\000i\000n\000t\000r\000o\000\137\000m\000e\000n\000u\000\137\000f\000a\000d\000e\000i\000n\000\050\000\051}{subsection.4.5.1}% 282
\BOOKMARK [3][-]{subsubsection.4.5.1.10}{\376\377\0004\000.\0005\000.\0001\000.\0001\0000\000\040\000d\000r\000a\000w\000\137\000i\000n\000t\000r\000o\000\137\000t\000i\000t\000l\000e\000\137\000s\000l\000i\000d\000e\000\050\000\051}{subsection.4.5.1}% 283
\BOOKMARK [3][-]{subsubsection.4.5.1.11}{\376\377\0004\000.\0005\000.\0001\000.\0001\0001\000\040\000d\000r\000a\000w\000\137\000m\000e\000n\000u\000\137\000c\000o\000p\000y\000r\000i\000g\000h\000t\000\050\000\051}{subsection.4.5.1}% 284
\BOOKMARK [3][-]{subsubsection.4.5.1.12}{\376\377\0004\000.\0005\000.\0001\000.\0001\0002\000\040\000d\000r\000a\000w\000\137\000m\000e\000n\000u\000\137\000o\000p\000t\000i\000o\000n\000\050\000\051}{subsection.4.5.1}% 285
\BOOKMARK [3][-]{subsubsection.4.5.1.13}{\376\377\0004\000.\0005\000.\0001\000.\0001\0003\000\040\000d\000r\000a\000w\000\137\000m\000e\000n\000u\000\137\000t\000i\000t\000l\000e\000\050\000\051}{subsection.4.5.1}% 286
\BOOKMARK [3][-]{subsubsection.4.5.1.14}{\376\377\0004\000.\0005\000.\0001\000.\0001\0004\000\040\000d\000r\000a\000w\000\137\000p\000l\000a\000y\000a\000g\000a\000i\000n\000\137\000b\000u\000t\000t\000o\000n\000\050\000\051}{subsection.4.5.1}% 287
\BOOKMARK [3][-]{subsubsection.4.5.1.15}{\376\377\0004\000.\0005\000.\0001\000.\0001\0005\000\040\000d\000r\000a\000w\000\137\000p\000l\000a\000y\000w\000a\000\137\000a\000s\000t\000e\000r\000o\000i\000d\000s\000\137\000b\000u\000l\000l\000e\000t\000s\000\050\000\051}{subsection.4.5.1}% 288
\BOOKMARK [3][-]{subsubsection.4.5.1.16}{\376\377\0004\000.\0005\000.\0001\000.\0001\0006\000\040\000d\000r\000a\000w\000\137\000p\000l\000a\000y\000w\000a\000\137\000b\000o\000n\000u\000s\000\137\000m\000u\000s\000i\000c\000\050\000\051}{subsection.4.5.1}% 289
\BOOKMARK [3][-]{subsubsection.4.5.1.17}{\376\377\0004\000.\0005\000.\0001\000.\0001\0007\000\040\000d\000r\000a\000w\000\137\000p\000l\000a\000y\000w\000a\000\137\000s\000c\000o\000r\000e\000\137\000h\000i\000n\000t\000\050\000\051}{subsection.4.5.1}% 290
\BOOKMARK [3][-]{subsubsection.4.5.1.18}{\376\377\0004\000.\0005\000.\0001\000.\0001\0008\000\040\000d\000r\000a\000w\000\137\000p\000l\000a\000y\000w\000a\000\137\000s\000h\000o\000o\000t\000e\000r\000\050\000\051}{subsection.4.5.1}% 291
\BOOKMARK [3][-]{subsubsection.4.5.1.19}{\376\377\0004\000.\0005\000.\0001\000.\0001\0009\000\040\000d\000r\000a\000w\000\137\000r\000e\000s\000u\000l\000t\000s\000\050\000\051}{subsection.4.5.1}% 292
\BOOKMARK [3][-]{subsubsection.4.5.1.20}{\376\377\0004\000.\0005\000.\0001\000.\0002\0000\000\040\000d\000r\000a\000w\000\137\000s\000t\000a\000t\000\050\000\051}{subsection.4.5.1}% 293
\BOOKMARK [3][-]{subsubsection.4.5.1.21}{\376\377\0004\000.\0005\000.\0001\000.\0002\0001\000\040\000d\000r\000a\000w\000\137\000s\000t\000a\000t\000s\000\137\000b\000l\000o\000c\000k\000s\000\050\000\051}{subsection.4.5.1}% 294
\BOOKMARK [3][-]{subsubsection.4.5.1.22}{\376\377\0004\000.\0005\000.\0001\000.\0002\0002\000\040\000d\000r\000a\000w\000\137\000u\000s\000e\000r\000n\000a\000m\000e\000\050\000\051}{subsection.4.5.1}% 295
\BOOKMARK [3][-]{subsubsection.4.5.1.23}{\376\377\0004\000.\0005\000.\0001\000.\0002\0003\000\040\000d\000r\000a\000w\000\137\000u\000s\000e\000r\000n\000a\000m\000e\000\137\000b\000l\000o\000c\000k\000\050\000\051}{subsection.4.5.1}% 296
\BOOKMARK [3][-]{subsubsection.4.5.1.24}{\376\377\0004\000.\0005\000.\0001\000.\0002\0004\000\040\000g\000e\000n\000e\000r\000a\000t\000e\000\137\000i\000n\000s\000t\000r\000\137\000b\000i\000t\000m\000a\000p\000s\000\050\000\051}{subsection.4.5.1}% 297
\BOOKMARK [3][-]{subsubsection.4.5.1.25}{\376\377\0004\000.\0005\000.\0001\000.\0002\0005\000\040\000g\000e\000n\000e\000r\000a\000t\000e\000\137\000i\000n\000s\000t\000r\000\137\000f\000o\000n\000t\000s\000\050\000\051}{subsection.4.5.1}% 298
\BOOKMARK [3][-]{subsubsection.4.5.1.26}{\376\377\0004\000.\0005\000.\0001\000.\0002\0006\000\040\000g\000e\000n\000e\000r\000a\000t\000e\000\137\000m\000e\000n\000u\000\137\000b\000i\000t\000m\000a\000p\000s\000\050\000\051}{subsection.4.5.1}% 299
\BOOKMARK [3][-]{subsubsection.4.5.1.27}{\376\377\0004\000.\0005\000.\0001\000.\0002\0007\000\040\000g\000e\000n\000e\000r\000a\000t\000e\000\137\000m\000e\000n\000u\000\137\000f\000o\000n\000t\000s\000\050\000\051}{subsection.4.5.1}% 300
\BOOKMARK [3][-]{subsubsection.4.5.1.28}{\376\377\0004\000.\0005\000.\0001\000.\0002\0008\000\040\000g\000e\000n\000e\000r\000a\000t\000e\000\137\000p\000l\000a\000y\000w\000a\000\137\000b\000i\000t\000m\000a\000p\000s\000\050\000\051}{subsection.4.5.1}% 301
\BOOKMARK [3][-]{subsubsection.4.5.1.29}{\376\377\0004\000.\0005\000.\0001\000.\0002\0009\000\040\000g\000e\000n\000e\000r\000a\000t\000e\000\137\000p\000l\000a\000y\000w\000a\000\137\000f\000o\000n\000t\000s\000\050\000\051}{subsection.4.5.1}% 302
\BOOKMARK [3][-]{subsubsection.4.5.1.30}{\376\377\0004\000.\0005\000.\0001\000.\0003\0000\000\040\000g\000e\000n\000e\000r\000a\000t\000e\000\137\000s\000e\000t\000t\000i\000n\000g\000s\000\137\000f\000o\000n\000t\000s\000\050\000\051}{subsection.4.5.1}% 303
\BOOKMARK [3][-]{subsubsection.4.5.1.31}{\376\377\0004\000.\0005\000.\0001\000.\0003\0001\000\040\000g\000e\000n\000e\000r\000a\000t\000e\000\137\000u\000s\000e\000r\000\137\000f\000o\000n\000t\000s\000\050\000\051}{subsection.4.5.1}% 304
\BOOKMARK [2][-]{subsection.4.5.2}{\376\377\0004\000.\0005\000.\0002\000\040\000D\000o\000c\000u\000m\000e\000n\000t\000a\000z\000i\000o\000n\000e\000\040\000d\000e\000l\000l\000e\000\040\000v\000a\000r\000i\000a\000b\000i\000l\000i}{section.4.5}% 305
\BOOKMARK [3][-]{subsubsection.4.5.2.1}{\376\377\0004\000.\0005\000.\0002\000.\0001\000\040\000d\000i\000s\000p\000l\000a\000y\000\137\000i\000n\000f\000o}{subsection.4.5.2}% 306
\BOOKMARK [3][-]{subsubsection.4.5.2.2}{\376\377\0004\000.\0005\000.\0002\000.\0002\000\040\000G\000E\000N\000E\000R\000A\000L\000\137\000G\000V}{subsection.4.5.2}% 307
\BOOKMARK [3][-]{subsubsection.4.5.2.3}{\376\377\0004\000.\0005\000.\0002\000.\0003\000\040\000I\000N\000S\000T\000R\000\137\000G\000V}{subsection.4.5.2}% 308
\BOOKMARK [3][-]{subsubsection.4.5.2.4}{\376\377\0004\000.\0005\000.\0002\000.\0004\000\040\000M\000E\000N\000U\000\137\000G\000V}{subsection.4.5.2}% 309
\BOOKMARK [3][-]{subsubsection.4.5.2.5}{\376\377\0004\000.\0005\000.\0002\000.\0005\000\040\000P\000L\000A\000Y\000W\000A\000\137\000G\000V}{subsection.4.5.2}% 310
\BOOKMARK [3][-]{subsubsection.4.5.2.6}{\376\377\0004\000.\0005\000.\0002\000.\0006\000\040\000U\000S\000R\000\137\000G\000V}{subsection.4.5.2}% 311
\BOOKMARK [1][-]{section.4.6}{\376\377\0004\000.\0006\000\040\000R\000i\000f\000e\000r\000i\000m\000e\000n\000t\000i\000\040\000p\000e\000r\000\040\000i\000l\000\040\000f\000i\000l\000e\000\040\000g\000a\000m\000e\000\137\000f\000u\000n\000c\000t\000i\000o\000n\000s\000.\000c\000p\000p}{chapter.4}% 312
\BOOKMARK [2][-]{subsection.4.6.1}{\376\377\0004\000.\0006\000.\0001\000\040\000D\000o\000c\000u\000m\000e\000n\000t\000a\000z\000i\000o\000n\000e\000\040\000d\000e\000l\000l\000e\000\040\000f\000u\000n\000z\000i\000o\000n\000i}{section.4.6}% 313
\BOOKMARK [3][-]{subsubsection.4.6.1.1}{\376\377\0004\000.\0006\000.\0001\000.\0001\000\040\000c\000h\000a\000n\000g\000e\000\137\000m\000u\000s\000i\000c\000\050\000\051}{subsection.4.6.1}% 314
\BOOKMARK [3][-]{subsubsection.4.6.1.2}{\376\377\0004\000.\0006\000.\0001\000.\0002\000\040\000c\000h\000e\000c\000k\000\137\000d\000i\000s\000t\000a\000n\000c\000e\000\050\000\051}{subsection.4.6.1}% 315
\BOOKMARK [3][-]{subsubsection.4.6.1.3}{\376\377\0004\000.\0006\000.\0001\000.\0003\000\040\000c\000h\000e\000c\000k\000\137\000g\000a\000m\000e\000o\000v\000e\000r\000\050\000\051}{subsection.4.6.1}% 316
\BOOKMARK [3][-]{subsubsection.4.6.1.4}{\376\377\0004\000.\0006\000.\0001\000.\0004\000\040\000c\000h\000e\000c\000k\000\137\000s\000h\000i\000e\000l\000d\000\050\000\051}{subsection.4.6.1}% 317
\BOOKMARK [3][-]{subsubsection.4.6.1.5}{\376\377\0004\000.\0006\000.\0001\000.\0005\000\040\000g\000e\000n\000e\000r\000a\000t\000e\000\137\000a\000s\000t\000e\000r\000o\000i\000d\000\050\000\051}{subsection.4.6.1}% 318
\BOOKMARK [3][-]{subsubsection.4.6.1.6}{\376\377\0004\000.\0006\000.\0001\000.\0006\000\040\000h\000a\000n\000d\000l\000e\000r\000\137\000k\000e\000y\000\137\000p\000r\000e\000s\000s\000e\000d\000\050\000\051}{subsection.4.6.1}% 319
\BOOKMARK [3][-]{subsubsection.4.6.1.7}{\376\377\0004\000.\0006\000.\0001\000.\0007\000\040\000h\000a\000n\000d\000l\000e\000r\000\137\000t\000i\000m\000e\000r\000\050\000\051}{subsection.4.6.1}% 320
\BOOKMARK [3][-]{subsubsection.4.6.1.8}{\376\377\0004\000.\0006\000.\0001\000.\0008\000\040\000m\000o\000v\000e\000\137\000a\000s\000t\000e\000r\000o\000i\000d\000s\000\050\000\051}{subsection.4.6.1}% 321
\BOOKMARK [3][-]{subsubsection.4.6.1.9}{\376\377\0004\000.\0006\000.\0001\000.\0009\000\040\000m\000o\000v\000e\000\137\000b\000u\000l\000l\000e\000t\000s\000\050\000\051}{subsection.4.6.1}% 322
\BOOKMARK [3][-]{subsubsection.4.6.1.10}{\376\377\0004\000.\0006\000.\0001\000.\0001\0000\000\040\000m\000o\000v\000e\000\137\000s\000h\000o\000o\000t\000e\000r\000\050\000\051}{subsection.4.6.1}% 323
\BOOKMARK [3][-]{subsubsection.4.6.1.11}{\376\377\0004\000.\0006\000.\0001\000.\0001\0001\000\040\000m\000u\000s\000i\000c\000\137\000w\000a\000\137\000p\000l\000a\000y\000\050\000\051}{subsection.4.6.1}% 324
\BOOKMARK [3][-]{subsubsection.4.6.1.12}{\376\377\0004\000.\0006\000.\0001\000.\0001\0002\000\040\000s\000o\000u\000n\000d\000\137\000p\000l\000a\000y\000\050\000\051}{subsection.4.6.1}% 325
\BOOKMARK [3][-]{subsubsection.4.6.1.13}{\376\377\0004\000.\0006\000.\0001\000.\0001\0003\000\040\000s\000p\000a\000w\000n\000\137\000a\000s\000t\000e\000r\000o\000i\000d\000\137\000t\000h\000r\000e\000a\000d\000\050\000\051}{subsection.4.6.1}% 326
\BOOKMARK [1][-]{section.4.7}{\376\377\0004\000.\0007\000\040\000R\000i\000f\000e\000r\000i\000m\000e\000n\000t\000i\000\040\000p\000e\000r\000\040\000i\000l\000\040\000f\000i\000l\000e\000\040\000g\000a\000m\000e\000\137\000f\000u\000n\000c\000t\000i\000o\000n\000s\000.\000h}{chapter.4}% 327
\BOOKMARK [2][-]{subsection.4.7.1}{\376\377\0004\000.\0007\000.\0001\000\040\000D\000o\000c\000u\000m\000e\000n\000t\000a\000z\000i\000o\000n\000e\000\040\000d\000e\000l\000l\000e\000\040\000f\000u\000n\000z\000i\000o\000n\000i}{section.4.7}% 328
\BOOKMARK [3][-]{subsubsection.4.7.1.1}{\376\377\0004\000.\0007\000.\0001\000.\0001\000\040\000c\000h\000a\000n\000g\000e\000\137\000m\000u\000s\000i\000c\000\050\000\051}{subsection.4.7.1}% 329
\BOOKMARK [3][-]{subsubsection.4.7.1.2}{\376\377\0004\000.\0007\000.\0001\000.\0002\000\040\000c\000h\000e\000c\000k\000\137\000d\000i\000s\000t\000a\000n\000c\000e\000\050\000\051}{subsection.4.7.1}% 330
\BOOKMARK [3][-]{subsubsection.4.7.1.3}{\376\377\0004\000.\0007\000.\0001\000.\0003\000\040\000c\000h\000e\000c\000k\000\137\000g\000a\000m\000e\000o\000v\000e\000r\000\050\000\051}{subsection.4.7.1}% 331
\BOOKMARK [3][-]{subsubsection.4.7.1.4}{\376\377\0004\000.\0007\000.\0001\000.\0004\000\040\000c\000h\000e\000c\000k\000\137\000s\000h\000i\000e\000l\000d\000\050\000\051}{subsection.4.7.1}% 332
\BOOKMARK [3][-]{subsubsection.4.7.1.5}{\376\377\0004\000.\0007\000.\0001\000.\0005\000\040\000g\000e\000n\000e\000r\000a\000t\000e\000\137\000a\000s\000t\000e\000r\000o\000i\000d\000\050\000\051}{subsection.4.7.1}% 333
\BOOKMARK [3][-]{subsubsection.4.7.1.6}{\376\377\0004\000.\0007\000.\0001\000.\0006\000\040\000h\000a\000n\000d\000l\000e\000r\000\137\000k\000e\000y\000\137\000p\000r\000e\000s\000s\000e\000d\000\050\000\051}{subsection.4.7.1}% 334
\BOOKMARK [3][-]{subsubsection.4.7.1.7}{\376\377\0004\000.\0007\000.\0001\000.\0007\000\040\000h\000a\000n\000d\000l\000e\000r\000\137\000t\000i\000m\000e\000r\000\050\000\051}{subsection.4.7.1}% 335
\BOOKMARK [3][-]{subsubsection.4.7.1.8}{\376\377\0004\000.\0007\000.\0001\000.\0008\000\040\000m\000o\000v\000e\000\137\000a\000s\000t\000e\000r\000o\000i\000d\000s\000\050\000\051}{subsection.4.7.1}% 336
\BOOKMARK [3][-]{subsubsection.4.7.1.9}{\376\377\0004\000.\0007\000.\0001\000.\0009\000\040\000m\000o\000v\000e\000\137\000b\000u\000l\000l\000e\000t\000s\000\050\000\051}{subsection.4.7.1}% 337
\BOOKMARK [3][-]{subsubsection.4.7.1.10}{\376\377\0004\000.\0007\000.\0001\000.\0001\0000\000\040\000m\000o\000v\000e\000\137\000s\000h\000o\000o\000t\000e\000r\000\050\000\051}{subsection.4.7.1}% 338
\BOOKMARK [3][-]{subsubsection.4.7.1.11}{\376\377\0004\000.\0007\000.\0001\000.\0001\0001\000\040\000m\000u\000s\000i\000c\000\137\000w\000a\000\137\000p\000l\000a\000y\000\050\000\051}{subsection.4.7.1}% 339
\BOOKMARK [3][-]{subsubsection.4.7.1.12}{\376\377\0004\000.\0007\000.\0001\000.\0001\0002\000\040\000s\000o\000u\000n\000d\000\137\000p\000l\000a\000y\000\050\000\051}{subsection.4.7.1}% 340
\BOOKMARK [3][-]{subsubsection.4.7.1.13}{\376\377\0004\000.\0007\000.\0001\000.\0001\0003\000\040\000s\000p\000a\000w\000n\000\137\000a\000s\000t\000e\000r\000o\000i\000d\000\137\000t\000h\000r\000e\000a\000d\000\050\000\051}{subsection.4.7.1}% 341
\BOOKMARK [2][-]{subsection.4.7.2}{\376\377\0004\000.\0007\000.\0002\000\040\000D\000o\000c\000u\000m\000e\000n\000t\000a\000z\000i\000o\000n\000e\000\040\000d\000e\000l\000l\000e\000\040\000v\000a\000r\000i\000a\000b\000i\000l\000i}{section.4.7}% 342
\BOOKMARK [3][-]{subsubsection.4.7.2.1}{\376\377\0004\000.\0007\000.\0002\000.\0001\000\040\000d\000i\000s\000p\000l\000a\000y\000\137\000i\000n\000f\000o}{subsection.4.7.2}% 343
\BOOKMARK [3][-]{subsubsection.4.7.2.2}{\376\377\0004\000.\0007\000.\0002\000.\0002\000\040\000m\000u\000s\000i\000c\000\137\000w\000a}{subsection.4.7.2}% 344
\BOOKMARK [3][-]{subsubsection.4.7.2.3}{\376\377\0004\000.\0007\000.\0002\000.\0003\000\040\000P\000L\000A\000Y\000W\000A\000\137\000G\000V}{subsection.4.7.2}% 345
\BOOKMARK [3][-]{subsubsection.4.7.2.4}{\376\377\0004\000.\0007\000.\0002\000.\0004\000\040\000t\000h\000r\000e\000a\000d\000\137\000m\000a\000n\000a\000g\000e\000r}{subsection.4.7.2}% 346
\BOOKMARK [3][-]{subsubsection.4.7.2.5}{\376\377\0004\000.\0007\000.\0002\000.\0005\000\040\000w\000o\000r\000d\000s\000\137\000b\000u\000f\000f\000e\000r}{subsection.4.7.2}% 347
\BOOKMARK [1][-]{section.4.8}{\376\377\0004\000.\0008\000\040\000R\000i\000f\000e\000r\000i\000m\000e\000n\000t\000i\000\040\000p\000e\000r\000\040\000i\000l\000\040\000f\000i\000l\000e\000\040\000g\000r\000a\000p\000h\000i\000c\000a\000l\000\137\000v\000a\000l\000u\000e\000s\000.\000c\000p\000p}{chapter.4}% 348
\BOOKMARK [2][-]{subsection.4.8.1}{\376\377\0004\000.\0008\000.\0001\000\040\000D\000o\000c\000u\000m\000e\000n\000t\000a\000z\000i\000o\000n\000e\000\040\000d\000e\000l\000l\000e\000\040\000f\000u\000n\000z\000i\000o\000n\000i}{section.4.8}% 349
\BOOKMARK [3][-]{subsubsection.4.8.1.1}{\376\377\0004\000.\0008\000.\0001\000.\0001\000\040\000u\000p\000d\000a\000t\000e\000\137\000g\000r\000a\000p\000h\000i\000c\000a\000l\000\137\000v\000a\000l\000u\000e\000s\000\050\000\051}{subsection.4.8.1}% 350
\BOOKMARK [2][-]{subsection.4.8.2}{\376\377\0004\000.\0008\000.\0002\000\040\000D\000o\000c\000u\000m\000e\000n\000t\000a\000z\000i\000o\000n\000e\000\040\000d\000e\000l\000l\000e\000\040\000v\000a\000r\000i\000a\000b\000i\000l\000i}{section.4.8}% 351
\BOOKMARK [3][-]{subsubsection.4.8.2.1}{\376\377\0004\000.\0008\000.\0002\000.\0001\000\040\000G\000E\000N\000E\000R\000A\000L\000\137\000G\000V}{subsection.4.8.2}% 352
\BOOKMARK [3][-]{subsubsection.4.8.2.2}{\376\377\0004\000.\0008\000.\0002\000.\0002\000\040\000I\000N\000S\000T\000R\000\137\000G\000V}{subsection.4.8.2}% 353
\BOOKMARK [3][-]{subsubsection.4.8.2.3}{\376\377\0004\000.\0008\000.\0002\000.\0003\000\040\000M\000E\000N\000U\000\137\000G\000V}{subsection.4.8.2}% 354
\BOOKMARK [3][-]{subsubsection.4.8.2.4}{\376\377\0004\000.\0008\000.\0002\000.\0004\000\040\000P\000L\000A\000Y\000W\000A\000\137\000G\000V}{subsection.4.8.2}% 355
\BOOKMARK [3][-]{subsubsection.4.8.2.5}{\376\377\0004\000.\0008\000.\0002\000.\0005\000\040\000U\000S\000R\000\137\000G\000V}{subsection.4.8.2}% 356
\BOOKMARK [1][-]{section.4.9}{\376\377\0004\000.\0009\000\040\000R\000i\000f\000e\000r\000i\000m\000e\000n\000t\000i\000\040\000p\000e\000r\000\040\000i\000l\000\040\000f\000i\000l\000e\000\040\000g\000r\000a\000p\000h\000i\000c\000a\000l\000\137\000v\000a\000l\000u\000e\000s\000.\000h}{chapter.4}% 357
\BOOKMARK [2][-]{subsection.4.9.1}{\376\377\0004\000.\0009\000.\0001\000\040\000D\000o\000c\000u\000m\000e\000n\000t\000a\000z\000i\000o\000n\000e\000\040\000d\000e\000l\000l\000e\000\040\000f\000u\000n\000z\000i\000o\000n\000i}{section.4.9}% 358
\BOOKMARK [3][-]{subsubsection.4.9.1.1}{\376\377\0004\000.\0009\000.\0001\000.\0001\000\040\000u\000p\000d\000a\000t\000e\000\137\000g\000r\000a\000p\000h\000i\000c\000a\000l\000\137\000v\000a\000l\000u\000e\000s\000\050\000\051}{subsection.4.9.1}% 359
\BOOKMARK [2][-]{subsection.4.9.2}{\376\377\0004\000.\0009\000.\0002\000\040\000D\000o\000c\000u\000m\000e\000n\000t\000a\000z\000i\000o\000n\000e\000\040\000d\000e\000l\000l\000e\000\040\000v\000a\000r\000i\000a\000b\000i\000l\000i}{section.4.9}% 360
\BOOKMARK [3][-]{subsubsection.4.9.2.1}{\376\377\0004\000.\0009\000.\0002\000.\0001\000\040\000d\000i\000s\000p\000l\000a\000y\000\137\000i\000n\000f\000o}{subsection.4.9.2}% 361
\BOOKMARK [1][-]{section.4.10}{\376\377\0004\000.\0001\0000\000\040\000R\000i\000f\000e\000r\000i\000m\000e\000n\000t\000i\000\040\000p\000e\000r\000\040\000i\000l\000\040\000f\000i\000l\000e\000\040\000i\000n\000i\000t\000.\000c\000p\000p}{chapter.4}% 362
\BOOKMARK [2][-]{subsection.4.10.1}{\376\377\0004\000.\0001\0000\000.\0001\000\040\000D\000o\000c\000u\000m\000e\000n\000t\000a\000z\000i\000o\000n\000e\000\040\000d\000e\000l\000l\000e\000\040\000f\000u\000n\000z\000i\000o\000n\000i}{section.4.10}% 363
\BOOKMARK [3][-]{subsubsection.4.10.1.1}{\376\377\0004\000.\0001\0000\000.\0001\000.\0001\000\040\000i\000n\000i\000t\000\137\000a\000r\000r\000\137\000b\000u\000l\000l\000e\000t\000\050\000\051}{subsection.4.10.1}% 364
\BOOKMARK [3][-]{subsubsection.4.10.1.2}{\376\377\0004\000.\0001\0000\000.\0001\000.\0002\000\040\000i\000n\000i\000t\000\137\000b\000u\000l\000l\000e\000t\000\050\000\051}{subsection.4.10.1}% 365
\BOOKMARK [3][-]{subsubsection.4.10.1.3}{\376\377\0004\000.\0001\0000\000.\0001\000.\0003\000\040\000i\000n\000i\000t\000\137\000d\000i\000s\000p\000l\000a\000y\000\050\000\051}{subsection.4.10.1}% 366
\BOOKMARK [3][-]{subsubsection.4.10.1.4}{\376\377\0004\000.\0001\0000\000.\0001\000.\0004\000\040\000i\000n\000i\000t\000\137\000d\000i\000s\000p\000l\000a\000y\000\137\000r\000e\000s\000\050\000\051}{subsection.4.10.1}% 367
\BOOKMARK [3][-]{subsubsection.4.10.1.5}{\376\377\0004\000.\0001\0000\000.\0001\000.\0005\000\040\000i\000n\000i\000t\000\137\000g\000a\000m\000e\000\137\000r\000e\000q\000u\000i\000r\000e\000m\000e\000n\000t\000s\000\050\000\051}{subsection.4.10.1}% 368
\BOOKMARK [3][-]{subsubsection.4.10.1.6}{\376\377\0004\000.\0001\0000\000.\0001\000.\0006\000\040\000i\000n\000i\000t\000\137\000m\000a\000t\000c\000h\000\137\000v\000a\000r\000s\000\050\000\051}{subsection.4.10.1}% 369
\BOOKMARK [3][-]{subsubsection.4.10.1.7}{\376\377\0004\000.\0001\0000\000.\0001\000.\0007\000\040\000i\000n\000i\000t\000\137\000q\000u\000e\000u\000e\000\137\000e\000v\000e\000n\000t\000\050\000\051}{subsection.4.10.1}% 370
\BOOKMARK [3][-]{subsubsection.4.10.1.8}{\376\377\0004\000.\0001\0000\000.\0001\000.\0008\000\040\000i\000n\000i\000t\000\137\000s\000e\000t\000t\000i\000n\000g\000s\000\050\000\051}{subsection.4.10.1}% 371
\BOOKMARK [3][-]{subsubsection.4.10.1.9}{\376\377\0004\000.\0001\0000\000.\0001\000.\0009\000\040\000i\000n\000i\000t\000\137\000s\000h\000o\000o\000t\000e\000r\000\050\000\051}{subsection.4.10.1}% 372
\BOOKMARK [3][-]{subsubsection.4.10.1.10}{\376\377\0004\000.\0001\0000\000.\0001\000.\0001\0000\000\040\000i\000n\000i\000t\000\137\000s\000o\000u\000n\000d\000\137\000m\000u\000s\000i\000c\000\050\000\051}{subsection.4.10.1}% 373
\BOOKMARK [3][-]{subsubsection.4.10.1.11}{\376\377\0004\000.\0001\0000\000.\0001\000.\0001\0001\000\040\000i\000n\000i\000t\000\137\000t\000a\000r\000g\000e\000t\000\137\000b\000o\000n\000u\000s\000\050\000\051}{subsection.4.10.1}% 374
\BOOKMARK [3][-]{subsubsection.4.10.1.12}{\376\377\0004\000.\0001\0000\000.\0001\000.\0001\0002\000\040\000i\000n\000i\000t\000\137\000t\000h\000r\000e\000a\000d\000\137\000m\000a\000n\000a\000g\000e\000r\000\050\000\051}{subsection.4.10.1}% 375
\BOOKMARK [3][-]{subsubsection.4.10.1.13}{\376\377\0004\000.\0001\0000\000.\0001\000.\0001\0003\000\040\000i\000n\000i\000t\000\137\000w\000o\000r\000d\000s\000\137\000b\000u\000f\000f\000e\000r\000\050\000\051}{subsection.4.10.1}% 376
\BOOKMARK [3][-]{subsubsection.4.10.1.14}{\376\377\0004\000.\0001\0000\000.\0001\000.\0001\0004\000\040\000s\000o\000r\000t\000\137\000f\000i\000l\000e\000\137\000l\000i\000s\000t\000\050\000\051}{subsection.4.10.1}% 377
\BOOKMARK [1][-]{section.4.11}{\376\377\0004\000.\0001\0001\000\040\000R\000i\000f\000e\000r\000i\000m\000e\000n\000t\000i\000\040\000p\000e\000r\000\040\000i\000l\000\040\000f\000i\000l\000e\000\040\000i\000n\000i\000t\000.\000h}{chapter.4}% 378
\BOOKMARK [2][-]{subsection.4.11.1}{\376\377\0004\000.\0001\0001\000.\0001\000\040\000D\000o\000c\000u\000m\000e\000n\000t\000a\000z\000i\000o\000n\000e\000\040\000d\000e\000l\000l\000e\000\040\000f\000u\000n\000z\000i\000o\000n\000i}{section.4.11}% 379
\BOOKMARK [3][-]{subsubsection.4.11.1.1}{\376\377\0004\000.\0001\0001\000.\0001\000.\0001\000\040\000i\000n\000i\000t\000\137\000a\000r\000r\000\137\000b\000u\000l\000l\000e\000t\000\050\000\051}{subsection.4.11.1}% 380
\BOOKMARK [3][-]{subsubsection.4.11.1.2}{\376\377\0004\000.\0001\0001\000.\0001\000.\0002\000\040\000i\000n\000i\000t\000\137\000b\000u\000l\000l\000e\000t\000\050\000\051}{subsection.4.11.1}% 381
\BOOKMARK [3][-]{subsubsection.4.11.1.3}{\376\377\0004\000.\0001\0001\000.\0001\000.\0003\000\040\000i\000n\000i\000t\000\137\000d\000i\000s\000p\000l\000a\000y\000\050\000\051}{subsection.4.11.1}% 382
\BOOKMARK [3][-]{subsubsection.4.11.1.4}{\376\377\0004\000.\0001\0001\000.\0001\000.\0004\000\040\000i\000n\000i\000t\000\137\000d\000i\000s\000p\000l\000a\000y\000\137\000r\000e\000s\000\050\000\051}{subsection.4.11.1}% 383
\BOOKMARK [3][-]{subsubsection.4.11.1.5}{\376\377\0004\000.\0001\0001\000.\0001\000.\0005\000\040\000i\000n\000i\000t\000\137\000g\000a\000m\000e\000\137\000r\000e\000q\000u\000i\000r\000e\000m\000e\000n\000t\000s\000\050\000\051}{subsection.4.11.1}% 384
\BOOKMARK [3][-]{subsubsection.4.11.1.6}{\376\377\0004\000.\0001\0001\000.\0001\000.\0006\000\040\000i\000n\000i\000t\000\137\000m\000a\000t\000c\000h\000\137\000v\000a\000r\000s\000\050\000\051}{subsection.4.11.1}% 385
\BOOKMARK [3][-]{subsubsection.4.11.1.7}{\376\377\0004\000.\0001\0001\000.\0001\000.\0007\000\040\000i\000n\000i\000t\000\137\000q\000u\000e\000u\000e\000\137\000e\000v\000e\000n\000t\000\050\000\051}{subsection.4.11.1}% 386
\BOOKMARK [3][-]{subsubsection.4.11.1.8}{\376\377\0004\000.\0001\0001\000.\0001\000.\0008\000\040\000i\000n\000i\000t\000\137\000s\000e\000t\000t\000i\000n\000g\000s\000\050\000\051}{subsection.4.11.1}% 387
\BOOKMARK [3][-]{subsubsection.4.11.1.9}{\376\377\0004\000.\0001\0001\000.\0001\000.\0009\000\040\000i\000n\000i\000t\000\137\000s\000h\000o\000o\000t\000e\000r\000\050\000\051}{subsection.4.11.1}% 388
\BOOKMARK [3][-]{subsubsection.4.11.1.10}{\376\377\0004\000.\0001\0001\000.\0001\000.\0001\0000\000\040\000i\000n\000i\000t\000\137\000s\000o\000u\000n\000d\000\137\000m\000u\000s\000i\000c\000\050\000\051}{subsection.4.11.1}% 389
\BOOKMARK [3][-]{subsubsection.4.11.1.11}{\376\377\0004\000.\0001\0001\000.\0001\000.\0001\0001\000\040\000i\000n\000i\000t\000\137\000t\000a\000r\000g\000e\000t\000\137\000b\000o\000n\000u\000s\000\050\000\051}{subsection.4.11.1}% 390
\BOOKMARK [3][-]{subsubsection.4.11.1.12}{\376\377\0004\000.\0001\0001\000.\0001\000.\0001\0002\000\040\000i\000n\000i\000t\000\137\000t\000h\000r\000e\000a\000d\000\137\000m\000a\000n\000a\000g\000e\000r\000\050\000\051}{subsection.4.11.1}% 391
\BOOKMARK [3][-]{subsubsection.4.11.1.13}{\376\377\0004\000.\0001\0001\000.\0001\000.\0001\0003\000\040\000i\000n\000i\000t\000\137\000w\000o\000r\000d\000s\000\137\000b\000u\000f\000f\000e\000r\000\050\000\051}{subsection.4.11.1}% 392
\BOOKMARK [2][-]{subsection.4.11.2}{\376\377\0004\000.\0001\0001\000.\0002\000\040\000D\000o\000c\000u\000m\000e\000n\000t\000a\000z\000i\000o\000n\000e\000\040\000d\000e\000l\000l\000e\000\040\000v\000a\000r\000i\000a\000b\000i\000l\000i}{section.4.11}% 393
\BOOKMARK [3][-]{subsubsection.4.11.2.1}{\376\377\0004\000.\0001\0001\000.\0002\000.\0001\000\040\000d\000i\000s\000p\000l\000a\000y\000\137\000i\000n\000f\000o}{subsection.4.11.2}% 394
\BOOKMARK [3][-]{subsubsection.4.11.2.2}{\376\377\0004\000.\0001\0001\000.\0002\000.\0002\000\040\000m\000u\000s\000i\000c\000\137\000w\000a}{subsection.4.11.2}% 395
\BOOKMARK [3][-]{subsubsection.4.11.2.3}{\376\377\0004\000.\0001\0001\000.\0002\000.\0003\000\040\000P\000L\000A\000Y\000W\000A\000\137\000G\000V}{subsection.4.11.2}% 396
\BOOKMARK [1][-]{section.4.12}{\376\377\0004\000.\0001\0002\000\040\000R\000i\000f\000e\000r\000i\000m\000e\000n\000t\000i\000\040\000p\000e\000r\000\040\000i\000l\000\040\000f\000i\000l\000e\000\040\000m\000a\000i\000n\000.\000c\000p\000p}{chapter.4}% 397
\BOOKMARK [2][-]{subsection.4.12.1}{\376\377\0004\000.\0001\0002\000.\0001\000\040\000D\000o\000c\000u\000m\000e\000n\000t\000a\000z\000i\000o\000n\000e\000\040\000d\000e\000l\000l\000e\000\040\000f\000u\000n\000z\000i\000o\000n\000i}{section.4.12}% 398
\BOOKMARK [3][-]{subsubsection.4.12.1.1}{\376\377\0004\000.\0001\0002\000.\0001\000.\0001\000\040\000m\000a\000i\000n\000\050\000\051}{subsection.4.12.1}% 399
\BOOKMARK [2][-]{subsection.4.12.2}{\376\377\0004\000.\0001\0002\000.\0002\000\040\000D\000o\000c\000u\000m\000e\000n\000t\000a\000z\000i\000o\000n\000e\000\040\000d\000e\000l\000l\000e\000\040\000v\000a\000r\000i\000a\000b\000i\000l\000i}{section.4.12}% 400
\BOOKMARK [3][-]{subsubsection.4.12.2.1}{\376\377\0004\000.\0001\0002\000.\0002\000.\0001\000\040\000d\000i\000s\000p\000l\000a\000y\000\137\000i\000n\000f\000o}{subsection.4.12.2}% 401
\BOOKMARK [3][-]{subsubsection.4.12.2.2}{\376\377\0004\000.\0001\0002\000.\0002\000.\0002\000\040\000m\000u\000s\000i\000c\000\137\000w\000a}{subsection.4.12.2}% 402
\BOOKMARK [3][-]{subsubsection.4.12.2.3}{\376\377\0004\000.\0001\0002\000.\0002\000.\0003\000\040\000t\000h\000r\000e\000a\000d\000\137\000m\000a\000n\000a\000g\000e\000r}{subsection.4.12.2}% 403
\BOOKMARK [3][-]{subsubsection.4.12.2.4}{\376\377\0004\000.\0001\0002\000.\0002\000.\0004\000\040\000w\000o\000r\000d\000s\000\137\000b\000u\000f\000f\000e\000r}{subsection.4.12.2}% 404
\BOOKMARK [1][-]{section.4.13}{\376\377\0004\000.\0001\0003\000\040\000R\000i\000f\000e\000r\000i\000m\000e\000n\000t\000i\000\040\000p\000e\000r\000\040\000i\000l\000\040\000f\000i\000l\000e\000\040\000s\000e\000c\000t\000i\000o\000n\000s\000.\000c\000p\000p}{chapter.4}% 405
\BOOKMARK [2][-]{subsection.4.13.1}{\376\377\0004\000.\0001\0003\000.\0001\000\040\000D\000o\000c\000u\000m\000e\000n\000t\000a\000z\000i\000o\000n\000e\000\040\000d\000e\000l\000l\000e\000\040\000f\000u\000n\000z\000i\000o\000n\000i}{section.4.13}% 406
\BOOKMARK [3][-]{subsubsection.4.13.1.1}{\376\377\0004\000.\0001\0003\000.\0001\000.\0001\000\040\000i\000n\000t\000r\000o\000\050\000\051}{subsection.4.13.1}% 407
\BOOKMARK [3][-]{subsubsection.4.13.1.2}{\376\377\0004\000.\0001\0003\000.\0001\000.\0002\000\040\000m\000a\000i\000n\000\137\000m\000e\000n\000u\000\050\000\051}{subsection.4.13.1}% 408
\BOOKMARK [3][-]{subsubsection.4.13.1.3}{\376\377\0004\000.\0001\0003\000.\0001\000.\0003\000\040\000p\000l\000a\000y\000\137\000w\000a\000\050\000\051}{subsection.4.13.1}% 409
\BOOKMARK [3][-]{subsubsection.4.13.1.4}{\376\377\0004\000.\0001\0003\000.\0001\000.\0004\000\040\000s\000e\000t\000t\000i\000n\000g\000s\000\137\000m\000e\000n\000u\000\050\000\051}{subsection.4.13.1}% 410
\BOOKMARK [1][-]{section.4.14}{\376\377\0004\000.\0001\0004\000\040\000R\000i\000f\000e\000r\000i\000m\000e\000n\000t\000i\000\040\000p\000e\000r\000\040\000i\000l\000\040\000f\000i\000l\000e\000\040\000s\000e\000c\000t\000i\000o\000n\000s\000.\000h}{chapter.4}% 411
\BOOKMARK [2][-]{subsection.4.14.1}{\376\377\0004\000.\0001\0004\000.\0001\000\040\000D\000o\000c\000u\000m\000e\000n\000t\000a\000z\000i\000o\000n\000e\000\040\000d\000e\000l\000l\000e\000\040\000f\000u\000n\000z\000i\000o\000n\000i}{section.4.14}% 412
\BOOKMARK [3][-]{subsubsection.4.14.1.1}{\376\377\0004\000.\0001\0004\000.\0001\000.\0001\000\040\000i\000n\000t\000r\000o\000\050\000\051}{subsection.4.14.1}% 413
\BOOKMARK [3][-]{subsubsection.4.14.1.2}{\376\377\0004\000.\0001\0004\000.\0001\000.\0002\000\040\000m\000a\000i\000n\000\137\000m\000e\000n\000u\000\050\000\051}{subsection.4.14.1}% 414
\BOOKMARK [3][-]{subsubsection.4.14.1.3}{\376\377\0004\000.\0001\0004\000.\0001\000.\0003\000\040\000p\000l\000a\000y\000\137\000w\000a\000\050\000\051}{subsection.4.14.1}% 415
\BOOKMARK [3][-]{subsubsection.4.14.1.4}{\376\377\0004\000.\0001\0004\000.\0001\000.\0004\000\040\000s\000e\000t\000t\000i\000n\000g\000s\000\137\000m\000e\000n\000u\000\050\000\051}{subsection.4.14.1}% 416
\BOOKMARK [2][-]{subsection.4.14.2}{\376\377\0004\000.\0001\0004\000.\0002\000\040\000D\000o\000c\000u\000m\000e\000n\000t\000a\000z\000i\000o\000n\000e\000\040\000d\000e\000l\000l\000e\000\040\000v\000a\000r\000i\000a\000b\000i\000l\000i}{section.4.14}% 417
\BOOKMARK [3][-]{subsubsection.4.14.2.1}{\376\377\0004\000.\0001\0004\000.\0002\000.\0001\000\040\000d\000i\000s\000p\000l\000a\000y\000\137\000i\000n\000f\000o}{subsection.4.14.2}% 418
\BOOKMARK [3][-]{subsubsection.4.14.2.2}{\376\377\0004\000.\0001\0004\000.\0002\000.\0002\000\040\000M\000E\000N\000U\000\137\000G\000V}{subsection.4.14.2}% 419
\BOOKMARK [3][-]{subsubsection.4.14.2.3}{\376\377\0004\000.\0001\0004\000.\0002\000.\0003\000\040\000m\000u\000s\000i\000c\000\137\000w\000a}{subsection.4.14.2}% 420
\BOOKMARK [3][-]{subsubsection.4.14.2.4}{\376\377\0004\000.\0001\0004\000.\0002\000.\0004\000\040\000t\000h\000r\000e\000a\000d\000\137\000m\000a\000n\000a\000g\000e\000r}{subsection.4.14.2}% 421
\BOOKMARK [3][-]{subsubsection.4.14.2.5}{\376\377\0004\000.\0001\0004\000.\0002\000.\0005\000\040\000U\000S\000R\000\137\000G\000V}{subsection.4.14.2}% 422
\BOOKMARK [3][-]{subsubsection.4.14.2.6}{\376\377\0004\000.\0001\0004\000.\0002\000.\0006\000\040\000w\000o\000r\000d\000s\000\137\000b\000u\000f\000f\000e\000r}{subsection.4.14.2}% 423
\BOOKMARK [1][-]{section.4.15}{\376\377\0004\000.\0001\0005\000\040\000R\000i\000f\000e\000r\000i\000m\000e\000n\000t\000i\000\040\000p\000e\000r\000\040\000i\000l\000\040\000f\000i\000l\000e\000\040\000u\000t\000i\000l\000i\000t\000i\000e\000s\000.\000c\000p\000p}{chapter.4}% 424
\BOOKMARK [2][-]{subsection.4.15.1}{\376\377\0004\000.\0001\0005\000.\0001\000\040\000D\000o\000c\000u\000m\000e\000n\000t\000a\000z\000i\000o\000n\000e\000\040\000d\000e\000l\000l\000e\000\040\000f\000u\000n\000z\000i\000o\000n\000i}{section.4.15}% 425
\BOOKMARK [3][-]{subsubsection.4.15.1.1}{\376\377\0004\000.\0001\0005\000.\0001\000.\0001\000\040\000a\000r\000c\000h\000i\000v\000e\000s\000\137\000e\000x\000i\000s\000t\000\050\000\051}{subsection.4.15.1}% 426
\BOOKMARK [3][-]{subsubsection.4.15.1.2}{\376\377\0004\000.\0001\0005\000.\0001\000.\0002\000\040\000c\000h\000a\000n\000g\000e\000\137\000e\000n\000a\000b\000l\000e\000\050\000\051}{subsection.4.15.1}% 427
\BOOKMARK [3][-]{subsubsection.4.15.1.3}{\376\377\0004\000.\0001\0005\000.\0001\000.\0003\000\040\000d\000e\000l\000e\000t\000e\000\137\000a\000s\000t\000\137\000q\000u\000e\000u\000e\000s\000\050\000\051}{subsection.4.15.1}% 428
\BOOKMARK [3][-]{subsubsection.4.15.1.4}{\376\377\0004\000.\0001\0005\000.\0001\000.\0004\000\040\000d\000e\000l\000e\000t\000e\000\137\000d\000i\000s\000p\000l\000a\000y\000\137\000e\000v\000q\000u\000e\000u\000e\000\137\000m\000u\000s\000i\000c\000\050\000\051}{subsection.4.15.1}% 429
\BOOKMARK [3][-]{subsubsection.4.15.1.5}{\376\377\0004\000.\0001\0005\000.\0001\000.\0005\000\040\000d\000e\000l\000e\000t\000e\000\137\000s\000o\000u\000n\000d\000s\000\050\000\051}{subsection.4.15.1}% 430
\BOOKMARK [3][-]{subsubsection.4.15.1.6}{\376\377\0004\000.\0001\0005\000.\0001\000.\0006\000\040\000d\000e\000l\000e\000t\000e\000\137\000t\000i\000m\000e\000r\000\050\000\051}{subsection.4.15.1}% 431
\BOOKMARK [3][-]{subsubsection.4.15.1.7}{\376\377\0004\000.\0001\0005\000.\0001\000.\0007\000\040\000e\000x\000i\000t\000\050\000\051}{subsection.4.15.1}% 432
\BOOKMARK [3][-]{subsubsection.4.15.1.8}{\376\377\0004\000.\0001\0005\000.\0001\000.\0008\000\040\000e\000x\000t\000r\000a\000c\000t\000\137\000e\000l\000e\000m\000\050\000\051}{subsection.4.15.1}% 433
\BOOKMARK [3][-]{subsubsection.4.15.1.9}{\376\377\0004\000.\0001\0005\000.\0001\000.\0009\000\040\000i\000n\000s\000e\000r\000t\000\137\000e\000l\000e\000m\000\137\000h\000e\000a\000d\000\050\000\051}{subsection.4.15.1}% 434
\BOOKMARK [3][-]{subsubsection.4.15.1.10}{\376\377\0004\000.\0001\0005\000.\0001\000.\0001\0000\000\040\000i\000n\000t\000\137\000t\000o\000\137\000s\000t\000r\000\137\000s\000c\000o\000r\000e\000\050\000\051}{subsection.4.15.1}% 435
\BOOKMARK [3][-]{subsubsection.4.15.1.11}{\376\377\0004\000.\0001\0005\000.\0001\000.\0001\0001\000\040\000l\000s\000\137\000t\000a\000r\000\050\000\051}{subsection.4.15.1}% 436
\BOOKMARK [3][-]{subsubsection.4.15.1.12}{\376\377\0004\000.\0001\0005\000.\0001\000.\0001\0002\000\040\000w\000h\000i\000c\000h\000\137\000q\000u\000a\000d\000r\000a\000n\000t\000\050\000\051}{subsection.4.15.1}% 437
\BOOKMARK [1][-]{section.4.16}{\376\377\0004\000.\0001\0006\000\040\000R\000i\000f\000e\000r\000i\000m\000e\000n\000t\000i\000\040\000p\000e\000r\000\040\000i\000l\000\040\000f\000i\000l\000e\000\040\000u\000t\000i\000l\000i\000t\000i\000e\000s\000.\000h}{chapter.4}% 438
\BOOKMARK [2][-]{subsection.4.16.1}{\376\377\0004\000.\0001\0006\000.\0001\000\040\000D\000o\000c\000u\000m\000e\000n\000t\000a\000z\000i\000o\000n\000e\000\040\000d\000e\000l\000l\000e\000\040\000f\000u\000n\000z\000i\000o\000n\000i}{section.4.16}% 439
\BOOKMARK [3][-]{subsubsection.4.16.1.1}{\376\377\0004\000.\0001\0006\000.\0001\000.\0001\000\040\000a\000r\000c\000h\000i\000v\000e\000s\000\137\000e\000x\000i\000s\000t\000\050\000\051}{subsection.4.16.1}% 440
\BOOKMARK [3][-]{subsubsection.4.16.1.2}{\376\377\0004\000.\0001\0006\000.\0001\000.\0002\000\040\000c\000h\000a\000n\000g\000e\000\137\000e\000n\000a\000b\000l\000e\000\050\000\051}{subsection.4.16.1}% 441
\BOOKMARK [3][-]{subsubsection.4.16.1.3}{\376\377\0004\000.\0001\0006\000.\0001\000.\0003\000\040\000d\000e\000l\000e\000t\000e\000\137\000a\000s\000t\000\137\000q\000u\000e\000u\000e\000s\000\050\000\051}{subsection.4.16.1}% 442
\BOOKMARK [3][-]{subsubsection.4.16.1.4}{\376\377\0004\000.\0001\0006\000.\0001\000.\0004\000\040\000d\000e\000l\000e\000t\000e\000\137\000d\000i\000s\000p\000l\000a\000y\000\137\000e\000v\000q\000u\000e\000u\000e\000\137\000m\000u\000s\000i\000c\000\050\000\051}{subsection.4.16.1}% 443
\BOOKMARK [3][-]{subsubsection.4.16.1.5}{\376\377\0004\000.\0001\0006\000.\0001\000.\0005\000\040\000d\000e\000l\000e\000t\000e\000\137\000s\000o\000u\000n\000d\000s\000\050\000\051}{subsection.4.16.1}% 444
\BOOKMARK [3][-]{subsubsection.4.16.1.6}{\376\377\0004\000.\0001\0006\000.\0001\000.\0006\000\040\000d\000e\000l\000e\000t\000e\000\137\000t\000i\000m\000e\000r\000\050\000\051}{subsection.4.16.1}% 445
\BOOKMARK [3][-]{subsubsection.4.16.1.7}{\376\377\0004\000.\0001\0006\000.\0001\000.\0007\000\040\000e\000x\000i\000t\000\050\000\051}{subsection.4.16.1}% 446
\BOOKMARK [3][-]{subsubsection.4.16.1.8}{\376\377\0004\000.\0001\0006\000.\0001\000.\0008\000\040\000e\000x\000t\000r\000a\000c\000t\000\137\000e\000l\000e\000m\000\050\000\051}{subsection.4.16.1}% 447
\BOOKMARK [3][-]{subsubsection.4.16.1.9}{\376\377\0004\000.\0001\0006\000.\0001\000.\0009\000\040\000i\000n\000s\000e\000r\000t\000\137\000e\000l\000e\000m\000\137\000h\000e\000a\000d\000\050\000\051}{subsection.4.16.1}% 448
\BOOKMARK [3][-]{subsubsection.4.16.1.10}{\376\377\0004\000.\0001\0006\000.\0001\000.\0001\0000\000\040\000i\000n\000t\000\137\000t\000o\000\137\000s\000t\000r\000\137\000s\000c\000o\000r\000e\000\050\000\051}{subsection.4.16.1}% 449
\BOOKMARK [3][-]{subsubsection.4.16.1.11}{\376\377\0004\000.\0001\0006\000.\0001\000.\0001\0001\000\040\000l\000s\000\137\000t\000a\000r\000\050\000\051}{subsection.4.16.1}% 450
\BOOKMARK [3][-]{subsubsection.4.16.1.12}{\376\377\0004\000.\0001\0006\000.\0001\000.\0001\0002\000\040\000w\000h\000i\000c\000h\000\137\000q\000u\000a\000d\000r\000a\000n\000t\000\050\000\051}{subsection.4.16.1}% 451
\BOOKMARK [2][-]{subsection.4.16.2}{\376\377\0004\000.\0001\0006\000.\0002\000\040\000D\000o\000c\000u\000m\000e\000n\000t\000a\000z\000i\000o\000n\000e\000\040\000d\000e\000l\000l\000e\000\040\000v\000a\000r\000i\000a\000b\000i\000l\000i}{section.4.16}% 452
\BOOKMARK [3][-]{subsubsection.4.16.2.1}{\376\377\0004\000.\0001\0006\000.\0002\000.\0001\000\040\000d\000i\000s\000p\000l\000a\000y\000\137\000i\000n\000f\000o}{subsection.4.16.2}% 453
\BOOKMARK [0][-]{section*.79}{\376\377\000I\000n\000d\000i\000c\000e}{}% 454
